# JRE version: Java(TM) SE Runtime Environment (8.0_60-b27) (build 1.8.0_60-b27)
# Java VM: Java HotSpot(TM) 64-Bit Server VM (25.60-b23 mixed mode bsd-amd64 compressed oops)
Heap:
 PSYoungGen      total 67584K, used 22938K [0x0000000795580000, 0x000000079ac80000, 0x00000007c0000000)
  eden space 57344K, 22% used [0x0000000795580000,0x00000007961fe8a8,0x0000000798d80000)
  from space 10240K, 99% used [0x0000000798f80000,0x0000000799968270,0x0000000799980000)
  to   space 15872K, 0% used [0x0000000799d00000,0x0000000799d00000,0x000000079ac80000)
 ParOldGen       total 91136K, used 38921K [0x0000000740000000, 0x0000000745900000, 0x0000000795580000)
  object space 91136K, 42% used [0x0000000740000000,0x00000007426027d8,0x0000000745900000)
 Metaspace       used 21503K, capacity 21699K, committed 22064K, reserved 1069056K
  class space    used 2066K, capacity 2144K, committed 2176K, reserved 1048576K
GC Heap History (10 events):
Event: 34.987 GC heap before
{Heap before GC invocations=12 (full 1):
 PSYoungGen      total 79872K, used 73600K [0x0000000795580000, 0x000000079b880000, 0x00000007c0000000)
  eden space 63488K, 100% used [0x0000000795580000,0x0000000799380000,0x0000000799380000)
  from space 16384K, 61% used [0x000000079a880000,0x000000079b260270,0x000000079b880000)
  to   space 18944K, 0% used [0x0000000799380000,0x0000000799380000,0x000000079a600000)
 ParOldGen       total 91136K, used 38905K [0x0000000740000000, 0x0000000745900000, 0x0000000795580000)
  object space 91136K, 42% used [0x0000000740000000,0x00000007425fe7d8,0x0000000745900000)
 Metaspace       used 21470K, capacity 21699K, committed 22064K, reserved 1069056K
  class space    used 2059K, capacity 2144K, committed 2176K, reserved 1048576K
Event: 34.989 GC heap after
Heap after GC invocations=12 (full 1):
 PSYoungGen      total 82432K, used 10112K [0x0000000795580000, 0x000000079c500000, 0x00000007c0000000)
  eden space 63488K, 0% used [0x0000000795580000,0x0000000795580000,0x0000000799380000)
  from space 18944K, 53% used [0x0000000799380000,0x0000000799d60270,0x000000079a600000)
  to   space 17920K, 0% used [0x000000079b380000,0x000000079b380000,0x000000079c500000)
 ParOldGen       total 91136K, used 38905K [0x0000000740000000, 0x0000000745900000, 0x0000000795580000)
  object space 91136K, 42% used [0x0000000740000000,0x00000007425fe7d8,0x0000000745900000)
 Metaspace       used 21470K, capacity 21699K, committed 22064K, reserved 1069056K
  class space    used 2059K, capacity 2144K, committed 2176K, reserved 1048576K
}
Event: 45.720 GC heap before
{Heap before GC invocations=13 (full 1):
 PSYoungGen      total 82432K, used 73600K [0x0000000795580000, 0x000000079c500000, 0x00000007c0000000)
  eden space 63488K, 100% used [0x0000000795580000,0x0000000799380000,0x0000000799380000)
  from space 18944K, 53% used [0x0000000799380000,0x0000000799d60270,0x000000079a600000)
  to   space 17920K, 0% used [0x000000079b380000,0x000000079b380000,0x000000079c500000)
 ParOldGen       total 91136K, used 38905K [0x0000000740000000, 0x0000000745900000, 0x0000000795580000)
  object space 91136K, 42% used [0x0000000740000000,0x00000007425fe7d8,0x0000000745900000)
 Metaspace       used 21470K, capacity 21699K, committed 22064K, reserved 1069056K
  class space    used 2059K, capacity 2144K, committed 2176K, reserved 1048576K
Event: 45.725 GC heap after
Heap after GC invocations=13 (full 1):
 PSYoungGen      total 72192K, used 10144K [0x0000000795580000, 0x000000079bd80000, 0x00000007c0000000)
  eden space 61952K, 0% used [0x0000000795580000,0x0000000795580000,0x0000000799200000)
  from space 10240K, 99% used [0x000000079b380000,0x000000079bd68270,0x000000079bd80000)
  to   space 17408K, 0% used [0x0000000799b80000,0x0000000799b80000,0x000000079ac80000)
 ParOldGen       total 91136K, used 38905K [0x0000000740000000, 0x0000000745900000, 0x0000000795580000)
  object space 91136K, 42% used [0x0000000740000000,0x00000007425fe7d8,0x0000000745900000)
 Metaspace       used 21470K, capacity 21699K, committed 22064K, reserved 1069056K
  class space    used 2059K, capacity 2144K, committed 2176K, reserved 1048576K
}
Event: 56.339 GC heap before
{Heap before GC invocations=14 (full 1):
 PSYoungGen      total 72192K, used 72096K [0x0000000795580000, 0x000000079bd80000, 0x00000007c0000000)
  eden space 61952K, 100% used [0x0000000795580000,0x0000000799200000,0x0000000799200000)
  from space 10240K, 99% used [0x000000079b380000,0x000000079bd68270,0x000000079bd80000)
  to   space 17408K, 0% used [0x0000000799b80000,0x0000000799b80000,0x000000079ac80000)
 ParOldGen       total 91136K, used 38905K [0x0000000740000000, 0x0000000745900000, 0x0000000795580000)
  object space 91136K, 42% used [0x0000000740000000,0x00000007425fe7d8,0x0000000745900000)
 Metaspace       used 21470K, capacity 21699K, committed 22064K, reserved 1069056K
  class space    used 2059K, capacity 2144K, committed 2176K, reserved 1048576K
Event: 56.342 GC heap after
Heap after GC invocations=14 (full 1):
 PSYoungGen      total 70656K, used 10144K [0x0000000795580000, 0x000000079b400000, 0x00000007c0000000)
  eden space 60416K, 0% used [0x0000000795580000,0x0000000795580000,0x0000000799080000)
  from space 10240K, 99% used [0x0000000799b80000,0x000000079a568270,0x000000079a580000)
  to   space 14848K, 0% used [0x000000079a580000,0x000000079a580000,0x000000079b400000)
 ParOldGen       total 91136K, used 38913K [0x0000000740000000, 0x0000000745900000, 0x0000000795580000)
  object space 91136K, 42% used [0x0000000740000000,0x00000007426007d8,0x0000000745900000)
 Metaspace       used 21470K, capacity 21699K, committed 22064K, reserved 1069056K
  class space    used 2059K, capacity 2144K, committed 2176K, reserved 1048576K
}
Event: 66.703 GC heap before
{Heap before GC invocations=15 (full 1):
 PSYoungGen      total 70656K, used 70560K [0x0000000795580000, 0x000000079b400000, 0x00000007c0000000)
  eden space 60416K, 100% used [0x0000000795580000,0x0000000799080000,0x0000000799080000)
  from space 10240K, 99% used [0x0000000799b80000,0x000000079a568270,0x000000079a580000)
  to   space 14848K, 0% used [0x000000079a580000,0x000000079a580000,0x000000079b400000)
 ParOldGen       total 91136K, used 38913K [0x0000000740000000, 0x0000000745900000, 0x0000000795580000)
  object space 91136K, 42% used [0x0000000740000000,0x00000007426007d8,0x0000000745900000)
 Metaspace       used 21470K, capacity 21699K, committed 22064K, reserved 1069056K
  class space    used 2059K, capacity 2144K, committed 2176K, reserved 1048576K
Event: 66.708 GC heap after
Heap after GC invocations=15 (full 1):
 PSYoungGen      total 69120K, used 10144K [0x0000000795580000, 0x000000079af80000, 0x00000007c0000000)
  eden space 58880K, 0% used [0x0000000795580000,0x0000000795580000,0x0000000798f00000)
  from space 10240K, 99% used [0x000000079a580000,0x000000079af68270,0x000000079af80000)
  to   space 16384K, 0% used [0x0000000798f80000,0x0000000798f80000,0x0000000799f80000)
 ParOldGen       total 91136K, used 38921K [0x0000000740000000, 0x0000000745900000, 0x0000000795580000)
  object space 91136K, 42% used [0x0000000740000000,0x00000007426027d8,0x0000000745900000)
 Metaspace       used 21470K, capacity 21699K, committed 22064K, reserved 1069056K
  class space    used 2059K, capacity 2144K, committed 2176K, reserved 1048576K
}
Event: 76.573 GC heap before
{Heap before GC invocations=16 (full 1):
 PSYoungGen      total 69120K, used 69024K [0x0000000795580000, 0x000000079af80000, 0x00000007c0000000)
  eden space 58880K, 100% used [0x0000000795580000,0x0000000798f00000,0x0000000798f00000)
  from space 10240K, 99% used [0x000000079a580000,0x000000079af68270,0x000000079af80000)
  to   space 16384K, 0% used [0x0000000798f80000,0x0000000798f80000,0x0000000799f80000)
 ParOldGen       total 91136K, used 38921K [0x0000000740000000, 0x0000000745900000, 0x0000000795580000)
  object space 91136K, 42% used [0x0000000740000000,0x00000007426027d8,0x0000000745900000)
 Metaspace       used 21474K, capacity 21699K, committed 22064K, reserved 1069056K
  class space    used 2059K, capacity 2144K, committed 2176K, reserved 1048576K
Event: 76.576 GC heap after
Heap after GC invocations=16 (full 1):
 PSYoungGen      total 67584K, used 10144K [0x0000000795580000, 0x000000079ac80000, 0x00000007c0000000)
  eden space 57344K, 0% used [0x0000000795580000,0x0000000795580000,0x0000000798d80000)
  from space 10240K, 99% used [0x0000000798f80000,0x0000000799968270,0x0000000799980000)
  to   space 15872K, 0% used [0x0000000799d00000,0x0000000799d00000,0x000000079ac80000)
 ParOldGen       total 91136K, used 38921K [0x0000000740000000, 0x0000000745900000, 0x0000000795580000)
  object space 91136K, 42% used [0x0000000740000000,0x00000007426027d8,0x0000000745900000)
 Metaspace       used 21474K, capacity 21699K, committed 22064K, reserved 1069056K
  class space    used 2059K, capacity 2144K, committed 2176K, reserved 1048576K
}

