# JRE version: Java(TM) SE Runtime Environment (8.0_60-b27) (build 1.8.0_60-b27)
# Java VM: Java HotSpot(TM) 64-Bit Server VM (25.60-b23 mixed mode bsd-amd64 compressed oops)
Heap:
 PSYoungGen      total 119296K, used 43435K [0x0000000795580000, 0x00000007a0480000, 0x00000007c0000000)
  eden space 89600K, 18% used [0x0000000795580000,0x00000007965926c0,0x000000079ad00000)
  from space 29696K, 90% used [0x000000079ad00000,0x000000079c758680,0x000000079ca00000)
  to   space 32768K, 0% used [0x000000079e480000,0x000000079e480000,0x00000007a0480000)
 ParOldGen       total 85504K, used 62931K [0x0000000740000000, 0x0000000745380000, 0x0000000795580000)
  object space 85504K, 73% used [0x0000000740000000,0x0000000743d74c70,0x0000000745380000)
 Metaspace       used 21811K, capacity 22019K, committed 22320K, reserved 1069056K
  class space    used 2066K, capacity 2144K, committed 2176K, reserved 1048576K
GC Heap History (10 events):
Event: 24.586 GC heap before
{Heap before GC invocations=12 (full 1):
 PSYoungGen      total 80384K, used 70328K [0x0000000795580000, 0x000000079b780000, 0x00000007c0000000)
  eden space 64512K, 99% used [0x0000000795580000,0x0000000799446090,0x0000000799480000)
  from space 15872K, 38% used [0x000000079a800000,0x000000079ade8170,0x000000079b780000)
  to   space 17920K, 0% used [0x0000000799480000,0x0000000799480000,0x000000079a600000)
 ParOldGen       total 85504K, used 41769K [0x0000000740000000, 0x0000000745380000, 0x0000000795580000)
  object space 85504K, 48% used [0x0000000740000000,0x00000007428ca6a0,0x0000000745380000)
 Metaspace       used 21602K, capacity 21827K, committed 22064K, reserved 1069056K
  class space    used 2058K, capacity 2144K, committed 2176K, reserved 1048576K
Event: 24.590 GC heap after
Heap after GC invocations=12 (full 1):
 PSYoungGen      total 82432K, used 8896K [0x0000000795580000, 0x000000079c500000, 0x00000007c0000000)
  eden space 64512K, 0% used [0x0000000795580000,0x0000000795580000,0x0000000799480000)
  from space 17920K, 49% used [0x0000000799480000,0x0000000799d30250,0x000000079a600000)
  to   space 16896K, 0% used [0x000000079b480000,0x000000079b480000,0x000000079c500000)
 ParOldGen       total 85504K, used 41777K [0x0000000740000000, 0x0000000745380000, 0x0000000795580000)
  object space 85504K, 48% used [0x0000000740000000,0x00000007428cc6a0,0x0000000745380000)
 Metaspace       used 21602K, capacity 21827K, committed 22064K, reserved 1069056K
  class space    used 2058K, capacity 2144K, committed 2176K, reserved 1048576K
}
Event: 28.500 GC heap before
{Heap before GC invocations=13 (full 1):
 PSYoungGen      total 82432K, used 73408K [0x0000000795580000, 0x000000079c500000, 0x00000007c0000000)
  eden space 64512K, 100% used [0x0000000795580000,0x0000000799480000,0x0000000799480000)
  from space 17920K, 49% used [0x0000000799480000,0x0000000799d30250,0x000000079a600000)
  to   space 16896K, 0% used [0x000000079b480000,0x000000079b480000,0x000000079c500000)
 ParOldGen       total 85504K, used 41777K [0x0000000740000000, 0x0000000745380000, 0x0000000795580000)
  object space 85504K, 48% used [0x0000000740000000,0x00000007428cc6a0,0x0000000745380000)
 Metaspace       used 21616K, capacity 21827K, committed 22064K, reserved 1069056K
  class space    used 2058K, capacity 2144K, committed 2176K, reserved 1048576K
Event: 28.509 GC heap after
Heap after GC invocations=13 (full 1):
 PSYoungGen      total 95744K, used 14272K [0x0000000795580000, 0x000000079c680000, 0x00000007c0000000)
  eden space 78848K, 0% used [0x0000000795580000,0x0000000795580000,0x000000079a280000)
  from space 16896K, 84% used [0x000000079b480000,0x000000079c270380,0x000000079c500000)
  to   space 18432K, 0% used [0x000000079a280000,0x000000079a280000,0x000000079b480000)
 ParOldGen       total 85504K, used 41785K [0x0000000740000000, 0x0000000745380000, 0x0000000795580000)
  object space 85504K, 48% used [0x0000000740000000,0x00000007428ce6a0,0x0000000745380000)
 Metaspace       used 21616K, capacity 21827K, committed 22064K, reserved 1069056K
  class space    used 2058K, capacity 2144K, committed 2176K, reserved 1048576K
}
Event: 32.000 GC heap before
{Heap before GC invocations=14 (full 1):
 PSYoungGen      total 95744K, used 93120K [0x0000000795580000, 0x000000079c680000, 0x00000007c0000000)
  eden space 78848K, 100% used [0x0000000795580000,0x000000079a280000,0x000000079a280000)
  from space 16896K, 84% used [0x000000079b480000,0x000000079c270380,0x000000079c500000)
  to   space 18432K, 0% used [0x000000079a280000,0x000000079a280000,0x000000079b480000)
 ParOldGen       total 85504K, used 41785K [0x0000000740000000, 0x0000000745380000, 0x0000000795580000)
  object space 85504K, 48% used [0x0000000740000000,0x00000007428ce6a0,0x0000000745380000)
 Metaspace       used 21652K, capacity 21827K, committed 22064K, reserved 1069056K
  class space    used 2058K, capacity 2144K, committed 2176K, reserved 1048576K
Event: 32.015 GC heap after
Heap after GC invocations=14 (full 1):
 PSYoungGen      total 97280K, used 18401K [0x0000000795580000, 0x000000079e080000, 0x00000007c0000000)
  eden space 78848K, 0% used [0x0000000795580000,0x0000000795580000,0x000000079a280000)
  from space 18432K, 99% used [0x000000079a280000,0x000000079b4784a0,0x000000079b480000)
  to   space 23040K, 0% used [0x000000079ca00000,0x000000079ca00000,0x000000079e080000)
 ParOldGen       total 85504K, used 48242K [0x0000000740000000, 0x0000000745380000, 0x0000000795580000)
  object space 85504K, 56% used [0x0000000740000000,0x0000000742f1c830,0x0000000745380000)
 Metaspace       used 21652K, capacity 21827K, committed 22064K, reserved 1069056K
  class space    used 2058K, capacity 2144K, committed 2176K, reserved 1048576K
}
Event: 33.884 GC heap before
{Heap before GC invocations=15 (full 1):
 PSYoungGen      total 97280K, used 97249K [0x0000000795580000, 0x000000079e080000, 0x00000007c0000000)
  eden space 78848K, 100% used [0x0000000795580000,0x000000079a280000,0x000000079a280000)
  from space 18432K, 99% used [0x000000079a280000,0x000000079b4784a0,0x000000079b480000)
  to   space 23040K, 0% used [0x000000079ca00000,0x000000079ca00000,0x000000079e080000)
 ParOldGen       total 85504K, used 48242K [0x0000000740000000, 0x0000000745380000, 0x0000000795580000)
  object space 85504K, 56% used [0x0000000740000000,0x0000000742f1c830,0x0000000745380000)
 Metaspace       used 21755K, capacity 21955K, committed 22320K, reserved 1069056K
  class space    used 2058K, capacity 2144K, committed 2176K, reserved 1048576K
Event: 33.917 GC heap after
Heap after GC invocations=15 (full 1):
 PSYoungGen      total 112640K, used 23009K [0x0000000795580000, 0x000000079f300000, 0x00000007c0000000)
  eden space 89600K, 0% used [0x0000000795580000,0x0000000795580000,0x000000079ad00000)
  from space 23040K, 99% used [0x000000079ca00000,0x000000079e0785c0,0x000000079e080000)
  to   space 29696K, 0% used [0x000000079ad00000,0x000000079ad00000,0x000000079ca00000)
 ParOldGen       total 85504K, used 57066K [0x0000000740000000, 0x0000000745380000, 0x0000000795580000)
  object space 85504K, 66% used [0x0000000740000000,0x00000007437baa50,0x0000000745380000)
 Metaspace       used 21755K, capacity 21955K, committed 22320K, reserved 1069056K
  class space    used 2058K, capacity 2144K, committed 2176K, reserved 1048576K
}
Event: 38.235 GC heap before
{Heap before GC invocations=16 (full 1):
 PSYoungGen      total 112640K, used 112609K [0x0000000795580000, 0x000000079f300000, 0x00000007c0000000)
  eden space 89600K, 100% used [0x0000000795580000,0x000000079ad00000,0x000000079ad00000)
  from space 23040K, 99% used [0x000000079ca00000,0x000000079e0785c0,0x000000079e080000)
  to   space 29696K, 0% used [0x000000079ad00000,0x000000079ad00000,0x000000079ca00000)
 ParOldGen       total 85504K, used 57066K [0x0000000740000000, 0x0000000745380000, 0x0000000795580000)
  object space 85504K, 66% used [0x0000000740000000,0x00000007437baa50,0x0000000745380000)
 Metaspace       used 21775K, capacity 22019K, committed 22320K, reserved 1069056K
  class space    used 2058K, capacity 2144K, committed 2176K, reserved 1048576K
Event: 38.250 GC heap after
Heap after GC invocations=16 (full 1):
 PSYoungGen      total 119296K, used 26977K [0x0000000795580000, 0x00000007a0480000, 0x00000007c0000000)
  eden space 89600K, 0% used [0x0000000795580000,0x0000000795580000,0x000000079ad00000)
  from space 29696K, 90% used [0x000000079ad00000,0x000000079c758680,0x000000079ca00000)
  to   space 32768K, 0% used [0x000000079e480000,0x000000079e480000,0x00000007a0480000)
 ParOldGen       total 85504K, used 62931K [0x0000000740000000, 0x0000000745380000, 0x0000000795580000)
  object space 85504K, 73% used [0x0000000740000000,0x0000000743d74c70,0x0000000745380000)
 Metaspace       used 21775K, capacity 22019K, committed 22320K, reserved 1069056K
  class space    used 2058K, capacity 2144K, committed 2176K, reserved 1048576K
}

