# JRE version: Java(TM) SE Runtime Environment (8.0_60-b27) (build 1.8.0_60-b27)
# Java VM: Java HotSpot(TM) 64-Bit Server VM (25.60-b23 mixed mode bsd-amd64 compressed oops)
Heap:
 PSYoungGen      total 66560K, used 44819K [0x0000000795580000, 0x000000079b600000, 0x00000007c0000000)
  eden space 50176K, 56% used [0x0000000795580000,0x0000000797148830,0x0000000798680000)
  from space 16384K, 99% used [0x0000000799b00000,0x000000079aafc420,0x000000079ab00000)
  to   space 20992K, 0% used [0x0000000798680000,0x0000000798680000,0x0000000799b00000)
 ParOldGen       total 88064K, used 34184K [0x0000000740000000, 0x0000000745600000, 0x0000000795580000)
  object space 88064K, 38% used [0x0000000740000000,0x0000000742162360,0x0000000745600000)
 Metaspace       used 21383K, capacity 21595K, committed 21808K, reserved 1069056K
  class space    used 2048K, capacity 2112K, committed 2176K, reserved 1048576K
GC Heap History (10 events):
Event: 8.414 GC heap before
{Heap before GC invocations=7 (full 1):
 PSYoungGen      total 47616K, used 5709K [0x0000000795580000, 0x0000000799400000, 0x00000007c0000000)
  eden space 32256K, 0% used [0x0000000795580000,0x0000000795580000,0x0000000797500000)
  from space 15360K, 37% used [0x0000000798500000,0x0000000798a934a0,0x0000000799400000)
  to   space 15872K, 0% used [0x0000000797500000,0x0000000797500000,0x0000000798480000)
 ParOldGen       total 87552K, used 23724K [0x0000000740000000, 0x0000000745580000, 0x0000000795580000)
  object space 87552K, 27% used [0x0000000740000000,0x000000074172b1e0,0x0000000745580000)
 Metaspace       used 20880K, capacity 21083K, committed 21296K, reserved 1069056K
  class space    used 2040K, capacity 2112K, committed 2176K, reserved 1048576K
Event: 8.477 GC heap after
Heap after GC invocations=7 (full 1):
 PSYoungGen      total 47616K, used 0K [0x0000000795580000, 0x0000000799400000, 0x00000007c0000000)
  eden space 32256K, 0% used [0x0000000795580000,0x0000000795580000,0x0000000797500000)
  from space 15360K, 0% used [0x0000000798500000,0x0000000798500000,0x0000000799400000)
  to   space 15872K, 0% used [0x0000000797500000,0x0000000797500000,0x0000000798480000)
 ParOldGen       total 88064K, used 27144K [0x0000000740000000, 0x0000000745600000, 0x0000000795580000)
  object space 88064K, 30% used [0x0000000740000000,0x0000000741a82180,0x0000000745600000)
 Metaspace       used 20880K, capacity 21083K, committed 21296K, reserved 1069056K
  class space    used 2040K, capacity 2112K, committed 2176K, reserved 1048576K
}
Event: 10.138 GC heap before
{Heap before GC invocations=8 (full 1):
 PSYoungGen      total 47616K, used 32256K [0x0000000795580000, 0x0000000799400000, 0x00000007c0000000)
  eden space 32256K, 100% used [0x0000000795580000,0x0000000797500000,0x0000000797500000)
  from space 15360K, 0% used [0x0000000798500000,0x0000000798500000,0x0000000799400000)
  to   space 15872K, 0% used [0x0000000797500000,0x0000000797500000,0x0000000798480000)
 ParOldGen       total 88064K, used 27144K [0x0000000740000000, 0x0000000745600000, 0x0000000795580000)
  object space 88064K, 30% used [0x0000000740000000,0x0000000741a82180,0x0000000745600000)
 Metaspace       used 20957K, capacity 21147K, committed 21552K, reserved 1069056K
  class space    used 2040K, capacity 2112K, committed 2176K, reserved 1048576K
Event: 10.140 GC heap after
Heap after GC invocations=8 (full 1):
 PSYoungGen      total 48128K, used 6080K [0x0000000795580000, 0x000000079a200000, 0x00000007c0000000)
  eden space 32256K, 0% used [0x0000000795580000,0x0000000795580000,0x0000000797500000)
  from space 15872K, 38% used [0x0000000797500000,0x0000000797af0170,0x0000000798480000)
  to   space 15872K, 0% used [0x0000000799280000,0x0000000799280000,0x000000079a200000)
 ParOldGen       total 88064K, used 27152K [0x0000000740000000, 0x0000000745600000, 0x0000000795580000)
  object space 88064K, 30% used [0x0000000740000000,0x0000000741a84180,0x0000000745600000)
 Metaspace       used 20957K, capacity 21147K, committed 21552K, reserved 1069056K
  class space    used 2040K, capacity 2112K, committed 2176K, reserved 1048576K
}
Event: 13.273 GC heap before
{Heap before GC invocations=9 (full 1):
 PSYoungGen      total 48128K, used 38336K [0x0000000795580000, 0x000000079a200000, 0x00000007c0000000)
  eden space 32256K, 100% used [0x0000000795580000,0x0000000797500000,0x0000000797500000)
  from space 15872K, 38% used [0x0000000797500000,0x0000000797af0170,0x0000000798480000)
  to   space 15872K, 0% used [0x0000000799280000,0x0000000799280000,0x000000079a200000)
 ParOldGen       total 88064K, used 27152K [0x0000000740000000, 0x0000000745600000, 0x0000000795580000)
  object space 88064K, 30% used [0x0000000740000000,0x0000000741a84180,0x0000000745600000)
 Metaspace       used 21214K, capacity 21403K, committed 21808K, reserved 1069056K
  class space    used 2040K, capacity 2112K, committed 2176K, reserved 1048576K
Event: 13.277 GC heap after
Heap after GC invocations=9 (full 1):
 PSYoungGen      total 57344K, used 8608K [0x0000000795580000, 0x0000000799e80000, 0x00000007c0000000)
  eden space 45056K, 0% used [0x0000000795580000,0x0000000795580000,0x0000000798180000)
  from space 12288K, 70% used [0x0000000799280000,0x0000000799ae8210,0x0000000799e80000)
  to   space 14848K, 0% used [0x0000000798180000,0x0000000798180000,0x0000000799000000)
 ParOldGen       total 88064K, used 27160K [0x0000000740000000, 0x0000000745600000, 0x0000000795580000)
  object space 88064K, 30% used [0x0000000740000000,0x0000000741a86180,0x0000000745600000)
 Metaspace       used 21214K, capacity 21403K, committed 21808K, reserved 1069056K
  class space    used 2040K, capacity 2112K, committed 2176K, reserved 1048576K
}
Event: 16.552 GC heap before
{Heap before GC invocations=10 (full 1):
 PSYoungGen      total 57344K, used 53664K [0x0000000795580000, 0x0000000799e80000, 0x00000007c0000000)
  eden space 45056K, 100% used [0x0000000795580000,0x0000000798180000,0x0000000798180000)
  from space 12288K, 70% used [0x0000000799280000,0x0000000799ae8210,0x0000000799e80000)
  to   space 14848K, 0% used [0x0000000798180000,0x0000000798180000,0x0000000799000000)
 ParOldGen       total 88064K, used 27160K [0x0000000740000000, 0x0000000745600000, 0x0000000795580000)
  object space 88064K, 30% used [0x0000000740000000,0x0000000741a86180,0x0000000745600000)
 Metaspace       used 21272K, capacity 21467K, committed 21808K, reserved 1069056K
  class space    used 2040K, capacity 2112K, committed 2176K, reserved 1048576K
Event: 16.558 GC heap after
Heap after GC invocations=10 (full 1):
 PSYoungGen      total 59904K, used 14448K [0x0000000795580000, 0x000000079ab00000, 0x00000007c0000000)
  eden space 45056K, 0% used [0x0000000795580000,0x0000000795580000,0x0000000798180000)
  from space 14848K, 97% used [0x0000000798180000,0x0000000798f9c3a0,0x0000000799000000)
  to   space 16384K, 0% used [0x0000000799b00000,0x0000000799b00000,0x000000079ab00000)
 ParOldGen       total 88064K, used 27168K [0x0000000740000000, 0x0000000745600000, 0x0000000795580000)
  object space 88064K, 30% used [0x0000000740000000,0x0000000741a88180,0x0000000745600000)
 Metaspace       used 21272K, capacity 21467K, committed 21808K, reserved 1069056K
  class space    used 2040K, capacity 2112K, committed 2176K, reserved 1048576K
}
Event: 17.573 GC heap before
{Heap before GC invocations=11 (full 1):
 PSYoungGen      total 59904K, used 59504K [0x0000000795580000, 0x000000079ab00000, 0x00000007c0000000)
  eden space 45056K, 100% used [0x0000000795580000,0x0000000798180000,0x0000000798180000)
  from space 14848K, 97% used [0x0000000798180000,0x0000000798f9c3a0,0x0000000799000000)
  to   space 16384K, 0% used [0x0000000799b00000,0x0000000799b00000,0x000000079ab00000)
 ParOldGen       total 88064K, used 27168K [0x0000000740000000, 0x0000000745600000, 0x0000000795580000)
  object space 88064K, 30% used [0x0000000740000000,0x0000000741a88180,0x0000000745600000)
 Metaspace       used 21342K, capacity 21531K, committed 21808K, reserved 1069056K
  class space    used 2040K, capacity 2112K, committed 2176K, reserved 1048576K
Event: 17.583 GC heap after
Heap after GC invocations=11 (full 1):
 PSYoungGen      total 66560K, used 16369K [0x0000000795580000, 0x000000079b600000, 0x00000007c0000000)
  eden space 50176K, 0% used [0x0000000795580000,0x0000000795580000,0x0000000798680000)
  from space 16384K, 99% used [0x0000000799b00000,0x000000079aafc420,0x000000079ab00000)
  to   space 20992K, 0% used [0x0000000798680000,0x0000000798680000,0x0000000799b00000)
 ParOldGen       total 88064K, used 34184K [0x0000000740000000, 0x0000000745600000, 0x0000000795580000)
  object space 88064K, 38% used [0x0000000740000000,0x0000000742162360,0x0000000745600000)
 Metaspace       used 21342K, capacity 21531K, committed 21808K, reserved 1069056K
  class space    used 2040K, capacity 2112K, committed 2176K, reserved 1048576K
}

