# JRE version: Java(TM) SE Runtime Environment (8.0_60-b27) (build 1.8.0_60-b27)
# Java VM: Java HotSpot(TM) 64-Bit Server VM (25.60-b23 mixed mode bsd-amd64 compressed oops)
Heap:
 PSYoungGen      total 121856K, used 118585K [0x0000000795580000, 0x000000079e480000, 0x00000007c0000000)
  eden space 102912K, 96% used [0x0000000795580000,0x000000079b6d6218,0x000000079ba00000)
  from space 18944K, 99% used [0x000000079cf00000,0x000000079e178490,0x000000079e180000)
  to   space 21504K, 0% used [0x000000079ba00000,0x000000079ba00000,0x000000079cf00000)
 ParOldGen       total 94208K, used 41101K [0x0000000740000000, 0x0000000745c00000, 0x0000000795580000)
  object space 94208K, 43% used [0x0000000740000000,0x00000007428235c8,0x0000000745c00000)
 Metaspace       used 21393K, capacity 21599K, committed 21808K, reserved 1069056K
  class space    used 2049K, capacity 2112K, committed 2176K, reserved 1048576K
GC Heap History (10 events):
Event: 6.674 GC heap before
{Heap before GC invocations=5 (full 0):
 PSYoungGen      total 71680K, used 71661K [0x0000000795580000, 0x000000079a080000, 0x00000007c0000000)
  eden space 66560K, 100% used [0x0000000795580000,0x0000000799680000,0x0000000799680000)
  from space 5120K, 99% used [0x0000000799b80000,0x000000079a07b430,0x000000079a080000)
  to   space 5120K, 0% used [0x0000000799680000,0x0000000799680000,0x0000000799b80000)
 ParOldGen       total 87552K, used 18154K [0x0000000740000000, 0x0000000745580000, 0x0000000795580000)
  object space 87552K, 20% used [0x0000000740000000,0x00000007411ba878,0x0000000745580000)
 Metaspace       used 20803K, capacity 20959K, committed 21120K, reserved 1069056K
  class space    used 2041K, capacity 2112K, committed 2176K, reserved 1048576K
Event: 6.685 GC heap after
Heap after GC invocations=5 (full 0):
 PSYoungGen      total 69632K, used 5104K [0x0000000795580000, 0x000000079ba80000, 0x00000007c0000000)
  eden space 64512K, 0% used [0x0000000795580000,0x0000000795580000,0x0000000799480000)
  from space 5120K, 99% used [0x0000000799680000,0x0000000799b7c0e0,0x0000000799b80000)
  to   space 19456K, 0% used [0x000000079a780000,0x000000079a780000,0x000000079ba80000)
 ParOldGen       total 87552K, used 29759K [0x0000000740000000, 0x0000000745580000, 0x0000000795580000)
  object space 87552K, 33% used [0x0000000740000000,0x0000000741d0fea8,0x0000000745580000)
 Metaspace       used 20803K, capacity 20959K, committed 21120K, reserved 1069056K
  class space    used 2041K, capacity 2112K, committed 2176K, reserved 1048576K
}
Event: 7.489 GC heap before
{Heap before GC invocations=6 (full 0):
 PSYoungGen      total 69632K, used 30856K [0x0000000795580000, 0x000000079ba80000, 0x00000007c0000000)
  eden space 64512K, 39% used [0x0000000795580000,0x0000000796ea6260,0x0000000799480000)
  from space 5120K, 99% used [0x0000000799680000,0x0000000799b7c0e0,0x0000000799b80000)
  to   space 19456K, 0% used [0x000000079a780000,0x000000079a780000,0x000000079ba80000)
 ParOldGen       total 87552K, used 29759K [0x0000000740000000, 0x0000000745580000, 0x0000000795580000)
  object space 87552K, 33% used [0x0000000740000000,0x0000000741d0fea8,0x0000000745580000)
 Metaspace       used 20892K, capacity 21087K, committed 21296K, reserved 1069056K
  class space    used 2041K, capacity 2112K, committed 2176K, reserved 1048576K
Event: 7.500 GC heap after
Heap after GC invocations=6 (full 0):
 PSYoungGen      total 84992K, used 9040K [0x0000000795580000, 0x000000079f780000, 0x00000007c0000000)
  eden space 65536K, 0% used [0x0000000795580000,0x0000000795580000,0x0000000799580000)
  from space 19456K, 46% used [0x000000079a780000,0x000000079b0541f0,0x000000079ba80000)
  to   space 18432K, 0% used [0x0000000799580000,0x0000000799580000,0x000000079a780000)
 ParOldGen       total 87552K, used 29759K [0x0000000740000000, 0x0000000745580000, 0x0000000795580000)
  object space 87552K, 33% used [0x0000000740000000,0x0000000741d0fea8,0x0000000745580000)
 Metaspace       used 20892K, capacity 21087K, committed 21296K, reserved 1069056K
  class space    used 2041K, capacity 2112K, committed 2176K, reserved 1048576K
}
Event: 7.500 GC heap before
{Heap before GC invocations=7 (full 1):
 PSYoungGen      total 84992K, used 9040K [0x0000000795580000, 0x000000079f780000, 0x00000007c0000000)
  eden space 65536K, 0% used [0x0000000795580000,0x0000000795580000,0x0000000799580000)
  from space 19456K, 46% used [0x000000079a780000,0x000000079b0541f0,0x000000079ba80000)
  to   space 18432K, 0% used [0x0000000799580000,0x0000000799580000,0x000000079a780000)
 ParOldGen       total 87552K, used 29759K [0x0000000740000000, 0x0000000745580000, 0x0000000795580000)
  object space 87552K, 33% used [0x0000000740000000,0x0000000741d0fea8,0x0000000745580000)
 Metaspace       used 20892K, capacity 21087K, committed 21296K, reserved 1069056K
  class space    used 2041K, capacity 2112K, committed 2176K, reserved 1048576K
Event: 7.544 GC heap after
Heap after GC invocations=7 (full 1):
 PSYoungGen      total 84992K, used 0K [0x0000000795580000, 0x000000079f780000, 0x00000007c0000000)
  eden space 65536K, 0% used [0x0000000795580000,0x0000000795580000,0x0000000799580000)
  from space 19456K, 0% used [0x000000079a780000,0x000000079a780000,0x000000079ba80000)
  to   space 18432K, 0% used [0x0000000799580000,0x0000000799580000,0x000000079a780000)
 ParOldGen       total 94208K, used 35709K [0x0000000740000000, 0x0000000745c00000, 0x0000000795580000)
  object space 94208K, 37% used [0x0000000740000000,0x00000007422df478,0x0000000745c00000)
 Metaspace       used 20892K, capacity 21087K, committed 21296K, reserved 1069056K
  class space    used 2041K, capacity 2112K, committed 2176K, reserved 1048576K
}
Event: 8.392 GC heap before
{Heap before GC invocations=8 (full 1):
 PSYoungGen      total 84992K, used 65389K [0x0000000795580000, 0x000000079f780000, 0x00000007c0000000)
  eden space 65536K, 99% used [0x0000000795580000,0x000000079955b538,0x0000000799580000)
  from space 19456K, 0% used [0x000000079a780000,0x000000079a780000,0x000000079ba80000)
  to   space 18432K, 0% used [0x0000000799580000,0x0000000799580000,0x000000079a780000)
 ParOldGen       total 94208K, used 35709K [0x0000000740000000, 0x0000000745c00000, 0x0000000795580000)
  object space 94208K, 37% used [0x0000000740000000,0x00000007422df478,0x0000000745c00000)
 Metaspace       used 21128K, capacity 21343K, committed 21552K, reserved 1069056K
  class space    used 2041K, capacity 2112K, committed 2176K, reserved 1048576K
Event: 8.397 GC heap after
Heap after GC invocations=8 (full 1):
 PSYoungGen      total 83968K, used 13879K [0x0000000795580000, 0x000000079e180000, 0x00000007c0000000)
  eden space 65536K, 0% used [0x0000000795580000,0x0000000795580000,0x0000000799580000)
  from space 18432K, 75% used [0x0000000799580000,0x000000079a30df28,0x000000079a780000)
  to   space 18944K, 0% used [0x000000079cf00000,0x000000079cf00000,0x000000079e180000)
 ParOldGen       total 94208K, used 35717K [0x0000000740000000, 0x0000000745c00000, 0x0000000795580000)
  object space 94208K, 37% used [0x0000000740000000,0x00000007422e1478,0x0000000745c00000)
 Metaspace       used 21128K, capacity 21343K, committed 21552K, reserved 1069056K
  class space    used 2041K, capacity 2112K, committed 2176K, reserved 1048576K
}
Event: 10.553 GC heap before
{Heap before GC invocations=9 (full 1):
 PSYoungGen      total 83968K, used 79415K [0x0000000795580000, 0x000000079e180000, 0x00000007c0000000)
  eden space 65536K, 100% used [0x0000000795580000,0x0000000799580000,0x0000000799580000)
  from space 18432K, 75% used [0x0000000799580000,0x000000079a30df28,0x000000079a780000)
  to   space 18944K, 0% used [0x000000079cf00000,0x000000079cf00000,0x000000079e180000)
 ParOldGen       total 94208K, used 35717K [0x0000000740000000, 0x0000000745c00000, 0x0000000795580000)
  object space 94208K, 37% used [0x0000000740000000,0x00000007422e1478,0x0000000745c00000)
 Metaspace       used 21245K, capacity 21471K, committed 21808K, reserved 1069056K
  class space    used 2042K, capacity 2112K, committed 2176K, reserved 1048576K
Event: 10.565 GC heap after
Heap after GC invocations=9 (full 1):
 PSYoungGen      total 121856K, used 18913K [0x0000000795580000, 0x000000079e480000, 0x00000007c0000000)
  eden space 102912K, 0% used [0x0000000795580000,0x0000000795580000,0x000000079ba00000)
  from space 18944K, 99% used [0x000000079cf00000,0x000000079e178490,0x000000079e180000)
  to   space 21504K, 0% used [0x000000079ba00000,0x000000079ba00000,0x000000079cf00000)
 ParOldGen       total 94208K, used 41101K [0x0000000740000000, 0x0000000745c00000, 0x0000000795580000)
  object space 94208K, 43% used [0x0000000740000000,0x00000007428235c8,0x0000000745c00000)
 Metaspace       used 21245K, capacity 21471K, committed 21808K, reserved 1069056K
  class space    used 2042K, capacity 2112K, committed 2176K, reserved 1048576K
}

