# JRE version: Java(TM) SE Runtime Environment (8.0_60-b27) (build 1.8.0_60-b27)
# Java VM: Java HotSpot(TM) 64-Bit Server VM (25.60-b23 mixed mode bsd-amd64 compressed oops)
Heap:
 PSYoungGen      total 76288K, used 58357K [0x0000000795580000, 0x000000079c600000, 0x00000007c0000000)
  eden space 55296K, 78% used [0x0000000795580000,0x00000007980053e0,0x0000000798b80000)
  from space 20992K, 70% used [0x0000000798b80000,0x00000007999f8040,0x000000079a000000)
  to   space 20992K, 0% used [0x000000079b180000,0x000000079b180000,0x000000079c600000)
 ParOldGen       total 100352K, used 78243K [0x0000000740000000, 0x0000000746200000, 0x0000000795580000)
  object space 100352K, 77% used [0x0000000740000000,0x0000000744c68cd0,0x0000000746200000)
 Metaspace       used 21246K, capacity 21467K, committed 21808K, reserved 1069056K
  class space    used 2044K, capacity 2112K, committed 2176K, reserved 1048576K
GC Heap History (10 events):
Event: 14.015 GC heap before
{Heap before GC invocations=10 (full 1):
 PSYoungGen      total 51200K, used 29696K [0x0000000795580000, 0x000000079bf80000, 0x00000007c0000000)
  eden space 29696K, 100% used [0x0000000795580000,0x0000000797280000,0x0000000797280000)
  from space 21504K, 0% used [0x0000000798900000,0x0000000798900000,0x0000000799e00000)
  to   space 23040K, 0% used [0x0000000797280000,0x0000000797280000,0x0000000798900000)
 ParOldGen       total 100352K, used 44054K [0x0000000740000000, 0x0000000746200000, 0x0000000795580000)
  object space 100352K, 43% used [0x0000000740000000,0x0000000742b05b18,0x0000000746200000)
 Metaspace       used 21014K, capacity 21211K, committed 21552K, reserved 1069056K
  class space    used 2035K, capacity 2112K, committed 2176K, reserved 1048576K
Event: 14.027 GC heap after
Heap after GC invocations=10 (full 1):
 PSYoungGen      total 52736K, used 7776K [0x0000000795580000, 0x000000079a980000, 0x00000007c0000000)
  eden space 29696K, 0% used [0x0000000795580000,0x0000000795580000,0x0000000797280000)
  from space 23040K, 33% used [0x0000000797280000,0x0000000797a18140,0x0000000798900000)
  to   space 22528K, 0% used [0x0000000799380000,0x0000000799380000,0x000000079a980000)
 ParOldGen       total 100352K, used 44062K [0x0000000740000000, 0x0000000746200000, 0x0000000795580000)
  object space 100352K, 43% used [0x0000000740000000,0x0000000742b07b18,0x0000000746200000)
 Metaspace       used 21014K, capacity 21211K, committed 21552K, reserved 1069056K
  class space    used 2035K, capacity 2112K, committed 2176K, reserved 1048576K
}
Event: 15.062 GC heap before
{Heap before GC invocations=11 (full 1):
 PSYoungGen      total 52736K, used 37472K [0x0000000795580000, 0x000000079a980000, 0x00000007c0000000)
  eden space 29696K, 100% used [0x0000000795580000,0x0000000797280000,0x0000000797280000)
  from space 23040K, 33% used [0x0000000797280000,0x0000000797a18140,0x0000000798900000)
  to   space 22528K, 0% used [0x0000000799380000,0x0000000799380000,0x000000079a980000)
 ParOldGen       total 100352K, used 44062K [0x0000000740000000, 0x0000000746200000, 0x0000000795580000)
  object space 100352K, 43% used [0x0000000740000000,0x0000000742b07b18,0x0000000746200000)
 Metaspace       used 21054K, capacity 21275K, committed 21552K, reserved 1069056K
  class space    used 2035K, capacity 2112K, committed 2176K, reserved 1048576K
Event: 15.079 GC heap after
Heap after GC invocations=11 (full 1):
 PSYoungGen      total 63488K, used 14144K [0x0000000795580000, 0x000000079aa00000, 0x00000007c0000000)
  eden space 40960K, 0% used [0x0000000795580000,0x0000000795580000,0x0000000797d80000)
  from space 22528K, 62% used [0x0000000799380000,0x000000079a150230,0x000000079a980000)
  to   space 22528K, 0% used [0x0000000797d80000,0x0000000797d80000,0x0000000799380000)
 ParOldGen       total 100352K, used 44070K [0x0000000740000000, 0x0000000746200000, 0x0000000795580000)
  object space 100352K, 43% used [0x0000000740000000,0x0000000742b09b18,0x0000000746200000)
 Metaspace       used 21054K, capacity 21275K, committed 21552K, reserved 1069056K
  class space    used 2035K, capacity 2112K, committed 2176K, reserved 1048576K
}
Event: 17.155 GC heap before
{Heap before GC invocations=12 (full 1):
 PSYoungGen      total 63488K, used 55104K [0x0000000795580000, 0x000000079aa00000, 0x00000007c0000000)
  eden space 40960K, 100% used [0x0000000795580000,0x0000000797d80000,0x0000000797d80000)
  from space 22528K, 62% used [0x0000000799380000,0x000000079a150230,0x000000079a980000)
  to   space 22528K, 0% used [0x0000000797d80000,0x0000000797d80000,0x0000000799380000)
 ParOldGen       total 100352K, used 44071K [0x0000000740000000, 0x0000000746200000, 0x0000000795580000)
  object space 100352K, 43% used [0x0000000740000000,0x0000000742b09c28,0x0000000746200000)
 Metaspace       used 21086K, capacity 21275K, committed 21552K, reserved 1069056K
  class space    used 2036K, capacity 2112K, committed 2176K, reserved 1048576K
Event: 17.169 GC heap after
Heap after GC invocations=12 (full 1):
 PSYoungGen      total 63488K, used 9888K [0x0000000795580000, 0x000000079b680000, 0x00000007c0000000)
  eden space 40960K, 0% used [0x0000000795580000,0x0000000795580000,0x0000000797d80000)
  from space 22528K, 43% used [0x0000000797d80000,0x0000000798728110,0x0000000799380000)
  to   space 21504K, 0% used [0x000000079a180000,0x000000079a180000,0x000000079b680000)
 ParOldGen       total 100352K, used 57111K [0x0000000740000000, 0x0000000746200000, 0x0000000795580000)
  object space 100352K, 56% used [0x0000000740000000,0x00000007437c5e18,0x0000000746200000)
 Metaspace       used 21086K, capacity 21275K, committed 21552K, reserved 1069056K
  class space    used 2036K, capacity 2112K, committed 2176K, reserved 1048576K
}
Event: 20.178 GC heap before
{Heap before GC invocations=13 (full 1):
 PSYoungGen      total 63488K, used 50848K [0x0000000795580000, 0x000000079b680000, 0x00000007c0000000)
  eden space 40960K, 100% used [0x0000000795580000,0x0000000797d80000,0x0000000797d80000)
  from space 22528K, 43% used [0x0000000797d80000,0x0000000798728110,0x0000000799380000)
  to   space 21504K, 0% used [0x000000079a180000,0x000000079a180000,0x000000079b680000)
 ParOldGen       total 100352K, used 57114K [0x0000000740000000, 0x0000000746200000, 0x0000000795580000)
  object space 100352K, 56% used [0x0000000740000000,0x00000007437c6b60,0x0000000746200000)
 Metaspace       used 21191K, capacity 21403K, committed 21808K, reserved 1069056K
  class space    used 2036K, capacity 2112K, committed 2176K, reserved 1048576K
Event: 20.194 GC heap after
Heap after GC invocations=13 (full 1):
 PSYoungGen      total 74752K, used 12320K [0x0000000795580000, 0x000000079b480000, 0x00000007c0000000)
  eden space 55296K, 0% used [0x0000000795580000,0x0000000795580000,0x0000000798b80000)
  from space 19456K, 63% used [0x000000079a180000,0x000000079ad880a0,0x000000079b480000)
  to   space 20992K, 0% used [0x0000000798b80000,0x0000000798b80000,0x000000079a000000)
 ParOldGen       total 100352K, used 65899K [0x0000000740000000, 0x0000000746200000, 0x0000000795580000)
  object space 100352K, 65% used [0x0000000740000000,0x000000074405ac30,0x0000000746200000)
 Metaspace       used 21191K, capacity 21403K, committed 21808K, reserved 1069056K
  class space    used 2036K, capacity 2112K, committed 2176K, reserved 1048576K
}
Event: 25.426 GC heap before
{Heap before GC invocations=14 (full 1):
 PSYoungGen      total 74752K, used 67616K [0x0000000795580000, 0x000000079b480000, 0x00000007c0000000)
  eden space 55296K, 100% used [0x0000000795580000,0x0000000798b80000,0x0000000798b80000)
  from space 19456K, 63% used [0x000000079a180000,0x000000079ad880a0,0x000000079b480000)
  to   space 20992K, 0% used [0x0000000798b80000,0x0000000798b80000,0x000000079a000000)
 ParOldGen       total 100352K, used 65899K [0x0000000740000000, 0x0000000746200000, 0x0000000795580000)
  object space 100352K, 65% used [0x0000000740000000,0x000000074405ac30,0x0000000746200000)
 Metaspace       used 21197K, capacity 21403K, committed 21808K, reserved 1069056K
  class space    used 2036K, capacity 2112K, committed 2176K, reserved 1048576K
Event: 25.443 GC heap after
Heap after GC invocations=14 (full 1):
 PSYoungGen      total 76288K, used 14816K [0x0000000795580000, 0x000000079c600000, 0x00000007c0000000)
  eden space 55296K, 0% used [0x0000000795580000,0x0000000795580000,0x0000000798b80000)
  from space 20992K, 70% used [0x0000000798b80000,0x00000007999f8040,0x000000079a000000)
  to   space 20992K, 0% used [0x000000079b180000,0x000000079b180000,0x000000079c600000)
 ParOldGen       total 100352K, used 78243K [0x0000000740000000, 0x0000000746200000, 0x0000000795580000)
  object space 100352K, 77% used [0x0000000740000000,0x0000000744c68cd0,0x0000000746200000)
 Metaspace       used 21197K, capacity 21403K, committed 21808K, reserved 1069056K
  class space    used 2036K, capacity 2112K, committed 2176K, reserved 1048576K
}

