# JRE version: Java(TM) SE Runtime Environment (8.0_60-b27) (build 1.8.0_60-b27)
# Java VM: Java HotSpot(TM) 64-Bit Server VM (25.60-b23 mixed mode bsd-amd64 compressed oops)
Heap:
 PSYoungGen      total 114688K, used 98874K [0x0000000795580000, 0x000000079e200000, 0x00000007c0000000)
  eden space 98304K, 83% used [0x0000000795580000,0x000000079a616448,0x000000079b580000)
  from space 16384K, 99% used [0x000000079ca00000,0x000000079d9f83f0,0x000000079da00000)
  to   space 20992K, 0% used [0x000000079b580000,0x000000079b580000,0x000000079ca00000)
 ParOldGen       total 92160K, used 39584K [0x0000000740000000, 0x0000000745a00000, 0x0000000795580000)
  object space 92160K, 42% used [0x0000000740000000,0x00000007426a8130,0x0000000745a00000)
 Metaspace       used 21611K, capacity 21827K, committed 22064K, reserved 1069056K
  class space    used 2066K, capacity 2144K, committed 2176K, reserved 1048576K
GC Heap History (10 events):
Event: 6.614 GC heap before
{Heap before GC invocations=5 (full 0):
 PSYoungGen      total 38400K, used 38386K [0x0000000795580000, 0x000000079a080000, 0x00000007c0000000)
  eden space 33280K, 100% used [0x0000000795580000,0x0000000797600000,0x0000000797600000)
  from space 5120K, 99% used [0x0000000797b00000,0x0000000797ffc8a0,0x0000000798000000)
  to   space 5120K, 0% used [0x0000000797600000,0x0000000797600000,0x0000000797b00000)
 ParOldGen       total 87552K, used 19228K [0x0000000740000000, 0x0000000745580000, 0x0000000795580000)
  object space 87552K, 21% used [0x0000000740000000,0x00000007412c73f8,0x0000000745580000)
 Metaspace       used 20835K, capacity 21059K, committed 21296K, reserved 1069056K
  class space    used 2057K, capacity 2144K, committed 2176K, reserved 1048576K
Event: 6.623 GC heap after
Heap after GC invocations=5 (full 0):
 PSYoungGen      total 38400K, used 5104K [0x0000000795580000, 0x000000079b680000, 0x00000007c0000000)
  eden space 33280K, 0% used [0x0000000795580000,0x0000000795580000,0x0000000797600000)
  from space 5120K, 99% used [0x0000000797600000,0x0000000797afc180,0x0000000797b00000)
  to   space 16384K, 0% used [0x000000079a680000,0x000000079a680000,0x000000079b680000)
 ParOldGen       total 87552K, used 25461K [0x0000000740000000, 0x0000000745580000, 0x0000000795580000)
  object space 87552K, 29% used [0x0000000740000000,0x00000007418dd578,0x0000000745580000)
 Metaspace       used 20835K, capacity 21059K, committed 21296K, reserved 1069056K
  class space    used 2057K, capacity 2144K, committed 2176K, reserved 1048576K
}
Event: 7.327 GC heap before
{Heap before GC invocations=6 (full 0):
 PSYoungGen      total 38400K, used 28898K [0x0000000795580000, 0x000000079b680000, 0x00000007c0000000)
  eden space 33280K, 71% used [0x0000000795580000,0x0000000796cbc8d0,0x0000000797600000)
  from space 5120K, 99% used [0x0000000797600000,0x0000000797afc180,0x0000000797b00000)
  to   space 16384K, 0% used [0x000000079a680000,0x000000079a680000,0x000000079b680000)
 ParOldGen       total 87552K, used 25461K [0x0000000740000000, 0x0000000745580000, 0x0000000795580000)
  object space 87552K, 29% used [0x0000000740000000,0x00000007418dd578,0x0000000745580000)
 Metaspace       used 20926K, capacity 21123K, committed 21296K, reserved 1069056K
  class space    used 2057K, capacity 2144K, committed 2176K, reserved 1048576K
Event: 7.342 GC heap after
Heap after GC invocations=6 (full 0):
 PSYoungGen      total 80896K, used 9840K [0x0000000795580000, 0x000000079b480000, 0x00000007c0000000)
  eden space 66560K, 0% used [0x0000000795580000,0x0000000795580000,0x0000000799680000)
  from space 14336K, 68% used [0x000000079a680000,0x000000079b01c2a0,0x000000079b480000)
  to   space 15360K, 0% used [0x0000000799680000,0x0000000799680000,0x000000079a580000)
 ParOldGen       total 87552K, used 25469K [0x0000000740000000, 0x0000000745580000, 0x0000000795580000)
  object space 87552K, 29% used [0x0000000740000000,0x00000007418df578,0x0000000745580000)
 Metaspace       used 20926K, capacity 21123K, committed 21296K, reserved 1069056K
  class space    used 2057K, capacity 2144K, committed 2176K, reserved 1048576K
}
Event: 7.342 GC heap before
{Heap before GC invocations=7 (full 1):
 PSYoungGen      total 80896K, used 9840K [0x0000000795580000, 0x000000079b480000, 0x00000007c0000000)
  eden space 66560K, 0% used [0x0000000795580000,0x0000000795580000,0x0000000799680000)
  from space 14336K, 68% used [0x000000079a680000,0x000000079b01c2a0,0x000000079b480000)
  to   space 15360K, 0% used [0x0000000799680000,0x0000000799680000,0x000000079a580000)
 ParOldGen       total 87552K, used 25469K [0x0000000740000000, 0x0000000745580000, 0x0000000795580000)
  object space 87552K, 29% used [0x0000000740000000,0x00000007418df578,0x0000000745580000)
 Metaspace       used 20926K, capacity 21123K, committed 21296K, reserved 1069056K
  class space    used 2057K, capacity 2144K, committed 2176K, reserved 1048576K
Event: 7.413 GC heap after
Heap after GC invocations=7 (full 1):
 PSYoungGen      total 80896K, used 0K [0x0000000795580000, 0x000000079b480000, 0x00000007c0000000)
  eden space 66560K, 0% used [0x0000000795580000,0x0000000795580000,0x0000000799680000)
  from space 14336K, 0% used [0x000000079a680000,0x000000079a680000,0x000000079b480000)
  to   space 15360K, 0% used [0x0000000799680000,0x0000000799680000,0x000000079a580000)
 ParOldGen       total 92160K, used 33103K [0x0000000740000000, 0x0000000745a00000, 0x0000000795580000)
  object space 92160K, 35% used [0x0000000740000000,0x0000000742053fa0,0x0000000745a00000)
 Metaspace       used 20926K, capacity 21123K, committed 21296K, reserved 1069056K
  class space    used 2057K, capacity 2144K, committed 2176K, reserved 1048576K
}
Event: 8.701 GC heap before
{Heap before GC invocations=8 (full 1):
 PSYoungGen      total 80896K, used 66560K [0x0000000795580000, 0x000000079b480000, 0x00000007c0000000)
  eden space 66560K, 100% used [0x0000000795580000,0x0000000799680000,0x0000000799680000)
  from space 14336K, 0% used [0x000000079a680000,0x000000079a680000,0x000000079b480000)
  to   space 15360K, 0% used [0x0000000799680000,0x0000000799680000,0x000000079a580000)
 ParOldGen       total 92160K, used 33103K [0x0000000740000000, 0x0000000745a00000, 0x0000000795580000)
  object space 92160K, 35% used [0x0000000740000000,0x0000000742053fa0,0x0000000745a00000)
 Metaspace       used 21107K, capacity 21379K, committed 21552K, reserved 1069056K
  class space    used 2057K, capacity 2144K, committed 2176K, reserved 1048576K
Event: 8.709 GC heap after
Heap after GC invocations=8 (full 1):
 PSYoungGen      total 81920K, used 13312K [0x0000000795580000, 0x000000079da00000, 0x00000007c0000000)
  eden space 66560K, 0% used [0x0000000795580000,0x0000000795580000,0x0000000799680000)
  from space 15360K, 86% used [0x0000000799680000,0x000000079a380330,0x000000079a580000)
  to   space 16384K, 0% used [0x000000079ca00000,0x000000079ca00000,0x000000079da00000)
 ParOldGen       total 92160K, used 33111K [0x0000000740000000, 0x0000000745a00000, 0x0000000795580000)
  object space 92160K, 35% used [0x0000000740000000,0x0000000742055fa0,0x0000000745a00000)
 Metaspace       used 21107K, capacity 21379K, committed 21552K, reserved 1069056K
  class space    used 2057K, capacity 2144K, committed 2176K, reserved 1048576K
}
Event: 10.540 GC heap before
{Heap before GC invocations=9 (full 1):
 PSYoungGen      total 81920K, used 79872K [0x0000000795580000, 0x000000079da00000, 0x00000007c0000000)
  eden space 66560K, 100% used [0x0000000795580000,0x0000000799680000,0x0000000799680000)
  from space 15360K, 86% used [0x0000000799680000,0x000000079a380330,0x000000079a580000)
  to   space 16384K, 0% used [0x000000079ca00000,0x000000079ca00000,0x000000079da00000)
 ParOldGen       total 92160K, used 33111K [0x0000000740000000, 0x0000000745a00000, 0x0000000795580000)
  object space 92160K, 35% used [0x0000000740000000,0x0000000742055fa0,0x0000000745a00000)
 Metaspace       used 21374K, capacity 21571K, committed 21808K, reserved 1069056K
  class space    used 2058K, capacity 2144K, committed 2176K, reserved 1048576K
Event: 10.557 GC heap after
Heap after GC invocations=9 (full 1):
 PSYoungGen      total 114688K, used 16352K [0x0000000795580000, 0x000000079e200000, 0x00000007c0000000)
  eden space 98304K, 0% used [0x0000000795580000,0x0000000795580000,0x000000079b580000)
  from space 16384K, 99% used [0x000000079ca00000,0x000000079d9f83f0,0x000000079da00000)
  to   space 20992K, 0% used [0x000000079b580000,0x000000079b580000,0x000000079ca00000)
 ParOldGen       total 92160K, used 39584K [0x0000000740000000, 0x0000000745a00000, 0x0000000795580000)
  object space 92160K, 42% used [0x0000000740000000,0x00000007426a8130,0x0000000745a00000)
 Metaspace       used 21374K, capacity 21571K, committed 21808K, reserved 1069056K
  class space    used 2058K, capacity 2144K, committed 2176K, reserved 1048576K
}

