# JRE version: Java(TM) SE Runtime Environment (8.0_60-b27) (build 1.8.0_60-b27)
# Java VM: Java HotSpot(TM) 64-Bit Server VM (25.60-b23 mixed mode bsd-amd64 compressed oops)
Heap:
 PSYoungGen      total 84992K, used 33407K [0x0000000795580000, 0x000000079dd80000, 0x00000007c0000000)
  eden space 65024K, 37% used [0x0000000795580000,0x0000000796d5bb20,0x0000000799500000)
  from space 19968K, 44% used [0x0000000799500000,0x0000000799dc4230,0x000000079a880000)
  to   space 19968K, 0% used [0x000000079ca00000,0x000000079ca00000,0x000000079dd80000)
 ParOldGen       total 88576K, used 42302K [0x0000000740000000, 0x0000000745680000, 0x0000000795580000)
  object space 88576K, 47% used [0x0000000740000000,0x000000074294f908,0x0000000745680000)
 Metaspace       used 21396K, capacity 21599K, committed 21808K, reserved 1069056K
  class space    used 2048K, capacity 2112K, committed 2176K, reserved 1048576K
GC Heap History (10 events):
Event: 6.971 GC heap before
{Heap before GC invocations=6 (full 0):
 PSYoungGen      total 37888K, used 37776K [0x0000000795580000, 0x0000000799480000, 0x00000007c0000000)
  eden space 32768K, 99% used [0x0000000795580000,0x000000079756af98,0x0000000797580000)
  from space 5120K, 99% used [0x0000000797600000,0x0000000797af9090,0x0000000797b00000)
  to   space 15872K, 0% used [0x0000000798500000,0x0000000798500000,0x0000000799480000)
 ParOldGen       total 87552K, used 26003K [0x0000000740000000, 0x0000000745580000, 0x0000000795580000)
  object space 87552K, 29% used [0x0000000740000000,0x0000000741964dc0,0x0000000745580000)
 Metaspace       used 20887K, capacity 21087K, committed 21296K, reserved 1069056K
  class space    used 2040K, capacity 2112K, committed 2176K, reserved 1048576K
Event: 6.982 GC heap after
Heap after GC invocations=6 (full 0):
 PSYoungGen      total 48640K, used 11972K [0x0000000795580000, 0x000000079b480000, 0x00000007c0000000)
  eden space 32768K, 0% used [0x0000000795580000,0x0000000795580000,0x0000000797580000)
  from space 15872K, 75% used [0x0000000798500000,0x00000007990b1270,0x0000000799480000)
  to   space 15872K, 0% used [0x0000000797580000,0x0000000797580000,0x0000000798500000)
 ParOldGen       total 87552K, used 26003K [0x0000000740000000, 0x0000000745580000, 0x0000000795580000)
  object space 87552K, 29% used [0x0000000740000000,0x0000000741964dc0,0x0000000745580000)
 Metaspace       used 20887K, capacity 21087K, committed 21296K, reserved 1069056K
  class space    used 2040K, capacity 2112K, committed 2176K, reserved 1048576K
}
Event: 7.430 GC heap before
{Heap before GC invocations=7 (full 0):
 PSYoungGen      total 48640K, used 44740K [0x0000000795580000, 0x000000079b480000, 0x00000007c0000000)
  eden space 32768K, 100% used [0x0000000795580000,0x0000000797580000,0x0000000797580000)
  from space 15872K, 75% used [0x0000000798500000,0x00000007990b1270,0x0000000799480000)
  to   space 15872K, 0% used [0x0000000797580000,0x0000000797580000,0x0000000798500000)
 ParOldGen       total 87552K, used 26003K [0x0000000740000000, 0x0000000745580000, 0x0000000795580000)
  object space 87552K, 29% used [0x0000000740000000,0x0000000741964dc0,0x0000000745580000)
 Metaspace       used 20933K, capacity 21087K, committed 21296K, reserved 1069056K
  class space    used 2040K, capacity 2112K, committed 2176K, reserved 1048576K
Event: 7.444 GC heap after
Heap after GC invocations=7 (full 0):
 PSYoungGen      total 48640K, used 15841K [0x0000000795580000, 0x000000079bb80000, 0x00000007c0000000)
  eden space 32768K, 0% used [0x0000000795580000,0x0000000795580000,0x0000000797580000)
  from space 15872K, 99% used [0x0000000797580000,0x00000007984f8480,0x0000000798500000)
  to   space 19456K, 0% used [0x000000079a880000,0x000000079a880000,0x000000079bb80000)
 ParOldGen       total 87552K, used 29154K [0x0000000740000000, 0x0000000745580000, 0x0000000795580000)
  object space 87552K, 33% used [0x0000000740000000,0x0000000741c78990,0x0000000745580000)
 Metaspace       used 20933K, capacity 21087K, committed 21296K, reserved 1069056K
  class space    used 2040K, capacity 2112K, committed 2176K, reserved 1048576K
}
Event: 7.500 GC heap before
{Heap before GC invocations=8 (full 0):
 PSYoungGen      total 48640K, used 21225K [0x0000000795580000, 0x000000079bb80000, 0x00000007c0000000)
  eden space 32768K, 16% used [0x0000000795580000,0x0000000795ac2368,0x0000000797580000)
  from space 15872K, 99% used [0x0000000797580000,0x00000007984f8480,0x0000000798500000)
  to   space 19456K, 0% used [0x000000079a880000,0x000000079a880000,0x000000079bb80000)
 ParOldGen       total 87552K, used 29154K [0x0000000740000000, 0x0000000745580000, 0x0000000795580000)
  object space 87552K, 33% used [0x0000000740000000,0x0000000741c78990,0x0000000745580000)
 Metaspace       used 20935K, capacity 21087K, committed 21296K, reserved 1069056K
  class space    used 2040K, capacity 2112K, committed 2176K, reserved 1048576K
Event: 7.511 GC heap after
Heap after GC invocations=8 (full 0):
 PSYoungGen      total 84480K, used 15008K [0x0000000795580000, 0x000000079bc80000, 0x00000007c0000000)
  eden space 65024K, 0% used [0x0000000795580000,0x0000000795580000,0x0000000799500000)
  from space 19456K, 77% used [0x000000079a880000,0x000000079b7283a0,0x000000079bb80000)
  to   space 19968K, 0% used [0x0000000799500000,0x0000000799500000,0x000000079a880000)
 ParOldGen       total 87552K, used 30753K [0x0000000740000000, 0x0000000745580000, 0x0000000795580000)
  object space 87552K, 35% used [0x0000000740000000,0x0000000741e08680,0x0000000745580000)
 Metaspace       used 20935K, capacity 21087K, committed 21296K, reserved 1069056K
  class space    used 2040K, capacity 2112K, committed 2176K, reserved 1048576K
}
Event: 7.511 GC heap before
{Heap before GC invocations=9 (full 1):
 PSYoungGen      total 84480K, used 15008K [0x0000000795580000, 0x000000079bc80000, 0x00000007c0000000)
  eden space 65024K, 0% used [0x0000000795580000,0x0000000795580000,0x0000000799500000)
  from space 19456K, 77% used [0x000000079a880000,0x000000079b7283a0,0x000000079bb80000)
  to   space 19968K, 0% used [0x0000000799500000,0x0000000799500000,0x000000079a880000)
 ParOldGen       total 87552K, used 30753K [0x0000000740000000, 0x0000000745580000, 0x0000000795580000)
  object space 87552K, 35% used [0x0000000740000000,0x0000000741e08680,0x0000000745580000)
 Metaspace       used 20935K, capacity 21087K, committed 21296K, reserved 1069056K
  class space    used 2040K, capacity 2112K, committed 2176K, reserved 1048576K
Event: 7.555 GC heap after
Heap after GC invocations=9 (full 1):
 PSYoungGen      total 84480K, used 0K [0x0000000795580000, 0x000000079bc80000, 0x00000007c0000000)
  eden space 65024K, 0% used [0x0000000795580000,0x0000000795580000,0x0000000799500000)
  from space 19456K, 0% used [0x000000079a880000,0x000000079a880000,0x000000079bb80000)
  to   space 19968K, 0% used [0x0000000799500000,0x0000000799500000,0x000000079a880000)
 ParOldGen       total 88576K, used 42294K [0x0000000740000000, 0x0000000745680000, 0x0000000795580000)
  object space 88576K, 47% used [0x0000000740000000,0x000000074294d908,0x0000000745680000)
 Metaspace       used 20935K, capacity 21087K, committed 21296K, reserved 1069056K
  class space    used 2040K, capacity 2112K, committed 2176K, reserved 1048576K
}
Event: 11.616 GC heap before
{Heap before GC invocations=10 (full 1):
 PSYoungGen      total 84480K, used 64882K [0x0000000795580000, 0x000000079bc80000, 0x00000007c0000000)
  eden space 65024K, 99% used [0x0000000795580000,0x00000007994dc9e0,0x0000000799500000)
  from space 19456K, 0% used [0x000000079a880000,0x000000079a880000,0x000000079bb80000)
  to   space 19968K, 0% used [0x0000000799500000,0x0000000799500000,0x000000079a880000)
 ParOldGen       total 88576K, used 42294K [0x0000000740000000, 0x0000000745680000, 0x0000000795580000)
  object space 88576K, 47% used [0x0000000740000000,0x000000074294d908,0x0000000745680000)
 Metaspace       used 21264K, capacity 21471K, committed 21808K, reserved 1069056K
  class space    used 2040K, capacity 2112K, committed 2176K, reserved 1048576K
Event: 11.621 GC heap after
Heap after GC invocations=10 (full 1):
 PSYoungGen      total 84992K, used 8976K [0x0000000795580000, 0x000000079dd80000, 0x00000007c0000000)
  eden space 65024K, 0% used [0x0000000795580000,0x0000000795580000,0x0000000799500000)
  from space 19968K, 44% used [0x0000000799500000,0x0000000799dc4230,0x000000079a880000)
  to   space 19968K, 0% used [0x000000079ca00000,0x000000079ca00000,0x000000079dd80000)
 ParOldGen       total 88576K, used 42302K [0x0000000740000000, 0x0000000745680000, 0x0000000795580000)
  object space 88576K, 47% used [0x0000000740000000,0x000000074294f908,0x0000000745680000)
 Metaspace       used 21264K, capacity 21471K, committed 21808K, reserved 1069056K
  class space    used 2040K, capacity 2112K, committed 2176K, reserved 1048576K
}

