# JRE version: Java(TM) SE Runtime Environment (8.0_60-b27) (build 1.8.0_60-b27)
# Java VM: Java HotSpot(TM) 64-Bit Server VM (25.60-b23 mixed mode bsd-amd64 compressed oops)
Heap:
 PSYoungGen      total 39936K, used 13192K [0x0000000795580000, 0x0000000798900000, 0x00000007c0000000)
  eden space 28160K, 46% used [0x0000000795580000,0x000000079624a2d0,0x0000000797100000)
  from space 11776K, 0% used [0x0000000797d80000,0x0000000797d98000,0x0000000798900000)
  to   space 12288K, 0% used [0x0000000797100000,0x0000000797100000,0x0000000797d00000)
 ParOldGen       total 87552K, used 31362K [0x0000000740000000, 0x0000000745580000, 0x0000000795580000)
  object space 87552K, 35% used [0x0000000740000000,0x0000000741ea0858,0x0000000745580000)
 Metaspace       used 19434K, capacity 19659K, committed 19968K, reserved 1067008K
  class space    used 1882K, capacity 1982K, committed 2048K, reserved 1048576K
GC Heap History (10 events):
Event: 87.577 GC heap before
{Heap before GC invocations=10 (full 0):
 PSYoungGen      total 31232K, used 30848K [0x0000000795580000, 0x0000000798f80000, 0x00000007c0000000)
  eden space 30720K, 100% used [0x0000000795580000,0x0000000797380000,0x0000000797380000)
  from space 512K, 25% used [0x0000000797400000,0x0000000797420000,0x0000000797480000)
  to   space 14336K, 0% used [0x0000000798180000,0x0000000798180000,0x0000000798f80000)
 ParOldGen       total 87552K, used 21529K [0x0000000740000000, 0x0000000745580000, 0x0000000795580000)
  object space 87552K, 24% used [0x0000000740000000,0x0000000741506548,0x0000000745580000)
 Metaspace       used 19180K, capacity 19371K, committed 19712K, reserved 1067008K
  class space    used 1873K, capacity 1950K, committed 2048K, reserved 1048576K
Event: 87.578 GC heap after
Heap after GC invocations=10 (full 0):
 PSYoungGen      total 44032K, used 96K [0x0000000795580000, 0x0000000798f00000, 0x00000007c0000000)
  eden space 30208K, 0% used [0x0000000795580000,0x0000000795580000,0x0000000797300000)
  from space 13824K, 0% used [0x0000000798180000,0x0000000798198000,0x0000000798f00000)
  to   space 14336K, 0% used [0x0000000797300000,0x0000000797300000,0x0000000798100000)
 ParOldGen       total 87552K, used 21561K [0x0000000740000000, 0x0000000745580000, 0x0000000795580000)
  object space 87552K, 24% used [0x0000000740000000,0x000000074150e548,0x0000000745580000)
 Metaspace       used 19180K, capacity 19371K, committed 19712K, reserved 1067008K
  class space    used 1873K, capacity 1950K, committed 2048K, reserved 1048576K
}
Event: 92.309 GC heap before
{Heap before GC invocations=11 (full 0):
 PSYoungGen      total 44032K, used 30181K [0x0000000795580000, 0x0000000798f00000, 0x00000007c0000000)
  eden space 30208K, 99% used [0x0000000795580000,0x00000007972e1460,0x0000000797300000)
  from space 13824K, 0% used [0x0000000798180000,0x0000000798198000,0x0000000798f00000)
  to   space 14336K, 0% used [0x0000000797300000,0x0000000797300000,0x0000000798100000)
 ParOldGen       total 87552K, used 21561K [0x0000000740000000, 0x0000000745580000, 0x0000000795580000)
  object space 87552K, 24% used [0x0000000740000000,0x000000074150e548,0x0000000745580000)
 Metaspace       used 19290K, capacity 19435K, committed 19712K, reserved 1067008K
  class space    used 1873K, capacity 1950K, committed 2048K, reserved 1048576K
Event: 92.312 GC heap after
Heap after GC invocations=11 (full 0):
 PSYoungGen      total 34304K, used 4240K [0x0000000795580000, 0x0000000798c80000, 0x00000007c0000000)
  eden space 29696K, 0% used [0x0000000795580000,0x0000000795580000,0x0000000797280000)
  from space 4608K, 92% used [0x0000000797300000,0x0000000797724288,0x0000000797780000)
  to   space 13312K, 0% used [0x0000000797f80000,0x0000000797f80000,0x0000000798c80000)
 ParOldGen       total 87552K, used 21585K [0x0000000740000000, 0x0000000745580000, 0x0000000795580000)
  object space 87552K, 24% used [0x0000000740000000,0x0000000741514548,0x0000000745580000)
 Metaspace       used 19290K, capacity 19435K, committed 19712K, reserved 1067008K
  class space    used 1873K, capacity 1950K, committed 2048K, reserved 1048576K
}
Event: 98.741 GC heap before
{Heap before GC invocations=12 (full 0):
 PSYoungGen      total 34304K, used 33885K [0x0000000795580000, 0x0000000798c80000, 0x00000007c0000000)
  eden space 29696K, 99% used [0x0000000795580000,0x00000007972733a8,0x0000000797280000)
  from space 4608K, 92% used [0x0000000797300000,0x0000000797724288,0x0000000797780000)
  to   space 13312K, 0% used [0x0000000797f80000,0x0000000797f80000,0x0000000798c80000)
 ParOldGen       total 87552K, used 21585K [0x0000000740000000, 0x0000000745580000, 0x0000000795580000)
  object space 87552K, 24% used [0x0000000740000000,0x0000000741514548,0x0000000745580000)
 Metaspace       used 19380K, capacity 19627K, committed 19968K, reserved 1067008K
  class space    used 1874K, capacity 1950K, committed 2048K, reserved 1048576K
Event: 98.744 GC heap after
Heap after GC invocations=12 (full 0):
 PSYoungGen      total 40960K, used 4800K [0x0000000795580000, 0x0000000798b00000, 0x00000007c0000000)
  eden space 29184K, 0% used [0x0000000795580000,0x0000000795580000,0x0000000797200000)
  from space 11776K, 40% used [0x0000000797f80000,0x0000000798430120,0x0000000798b00000)
  to   space 12800K, 0% used [0x0000000797200000,0x0000000797200000,0x0000000797e80000)
 ParOldGen       total 87552K, used 25345K [0x0000000740000000, 0x0000000745580000, 0x0000000795580000)
  object space 87552K, 28% used [0x0000000740000000,0x00000007418c06e8,0x0000000745580000)
 Metaspace       used 19380K, capacity 19627K, committed 19968K, reserved 1067008K
  class space    used 1874K, capacity 1950K, committed 2048K, reserved 1048576K
}
Event: 111.874 GC heap before
{Heap before GC invocations=13 (full 0):
 PSYoungGen      total 40960K, used 33984K [0x0000000795580000, 0x0000000798b00000, 0x00000007c0000000)
  eden space 29184K, 100% used [0x0000000795580000,0x0000000797200000,0x0000000797200000)
  from space 11776K, 40% used [0x0000000797f80000,0x0000000798430120,0x0000000798b00000)
  to   space 12800K, 0% used [0x0000000797200000,0x0000000797200000,0x0000000797e80000)
 ParOldGen       total 87552K, used 25345K [0x0000000740000000, 0x0000000745580000, 0x0000000795580000)
  object space 87552K, 28% used [0x0000000740000000,0x00000007418c06e8,0x0000000745580000)
 Metaspace       used 19403K, capacity 19627K, committed 19968K, reserved 1067008K
  class space    used 1874K, capacity 1950K, committed 2048K, reserved 1048576K
Event: 111.877 GC heap after
Heap after GC invocations=13 (full 0):
 PSYoungGen      total 31232K, used 2208K [0x0000000795580000, 0x0000000798980000, 0x00000007c0000000)
  eden space 28672K, 0% used [0x0000000795580000,0x0000000795580000,0x0000000797180000)
  from space 2560K, 86% used [0x0000000797200000,0x0000000797428080,0x0000000797480000)
  to   space 12288K, 0% used [0x0000000797d80000,0x0000000797d80000,0x0000000798980000)
 ParOldGen       total 87552K, used 29257K [0x0000000740000000, 0x0000000745580000, 0x0000000795580000)
  object space 87552K, 33% used [0x0000000740000000,0x0000000741c927d8,0x0000000745580000)
 Metaspace       used 19403K, capacity 19627K, committed 19968K, reserved 1067008K
  class space    used 1874K, capacity 1950K, committed 2048K, reserved 1048576K
}
Event: 123.008 GC heap before
{Heap before GC invocations=14 (full 0):
 PSYoungGen      total 31232K, used 30880K [0x0000000795580000, 0x0000000798980000, 0x00000007c0000000)
  eden space 28672K, 100% used [0x0000000795580000,0x0000000797180000,0x0000000797180000)
  from space 2560K, 86% used [0x0000000797200000,0x0000000797428080,0x0000000797480000)
  to   space 12288K, 0% used [0x0000000797d80000,0x0000000797d80000,0x0000000798980000)
 ParOldGen       total 87552K, used 29257K [0x0000000740000000, 0x0000000745580000, 0x0000000795580000)
  object space 87552K, 33% used [0x0000000740000000,0x0000000741c927d8,0x0000000745580000)
 Metaspace       used 19403K, capacity 19627K, committed 19968K, reserved 1067008K
  class space    used 1874K, capacity 1950K, committed 2048K, reserved 1048576K
Event: 123.009 GC heap after
Heap after GC invocations=14 (full 0):
 PSYoungGen      total 39936K, used 96K [0x0000000795580000, 0x0000000798900000, 0x00000007c0000000)
  eden space 28160K, 0% used [0x0000000795580000,0x0000000795580000,0x0000000797100000)
  from space 11776K, 0% used [0x0000000797d80000,0x0000000797d98000,0x0000000798900000)
  to   space 12288K, 0% used [0x0000000797100000,0x0000000797100000,0x0000000797d00000)
 ParOldGen       total 87552K, used 31362K [0x0000000740000000, 0x0000000745580000, 0x0000000795580000)
  object space 87552K, 35% used [0x0000000740000000,0x0000000741ea0858,0x0000000745580000)
 Metaspace       used 19403K, capacity 19627K, committed 19968K, reserved 1067008K
  class space    used 1874K, capacity 1950K, committed 2048K, reserved 1048576K
}

