# JRE version: Java(TM) SE Runtime Environment (8.0_60-b27) (build 1.8.0_60-b27)
# Java VM: Java HotSpot(TM) 64-Bit Server VM (25.60-b23 mixed mode bsd-amd64 compressed oops)
Heap:
 PSYoungGen      total 61952K, used 41522K [0x0000000795580000, 0x000000079aa00000, 0x00000007c0000000)
  eden space 56832K, 64% used [0x0000000795580000,0x0000000797924ab8,0x0000000798d00000)
  from space 5120K, 98% used [0x000000079a500000,0x000000079a9e8130,0x000000079aa00000)
  to   space 14848K, 0% used [0x0000000798d00000,0x0000000798d00000,0x0000000799b80000)
 ParOldGen       total 75264K, used 23706K [0x0000000740000000, 0x0000000744980000, 0x0000000795580000)
  object space 75264K, 31% used [0x0000000740000000,0x0000000741726a30,0x0000000744980000)
 Metaspace       used 21168K, capacity 21343K, committed 21552K, reserved 1069056K
  class space    used 2050K, capacity 2112K, committed 2176K, reserved 1048576K
GC Heap History (10 events):
Event: 3.735 GC heap before
{Heap before GC invocations=3 (full 0):
 PSYoungGen      total 38400K, used 38397K [0x0000000795580000, 0x000000079a080000, 0x00000007c0000000)
  eden space 33280K, 100% used [0x0000000795580000,0x0000000797600000,0x0000000797600000)
  from space 5120K, 99% used [0x0000000797b00000,0x0000000797fff430,0x0000000798000000)
  to   space 5120K, 0% used [0x0000000797600000,0x0000000797600000,0x0000000797b00000)
 ParOldGen       total 87552K, used 4269K [0x0000000740000000, 0x0000000745580000, 0x0000000795580000)
  object space 87552K, 4% used [0x0000000740000000,0x000000074042b718,0x0000000745580000)
 Metaspace       used 20462K, capacity 20633K, committed 20864K, reserved 1069056K
  class space    used 2040K, capacity 2111K, committed 2176K, reserved 1048576K
Event: 3.745 GC heap after
Heap after GC invocations=3 (full 0):
 PSYoungGen      total 38400K, used 5101K [0x0000000795580000, 0x000000079a080000, 0x00000007c0000000)
  eden space 33280K, 0% used [0x0000000795580000,0x0000000795580000,0x0000000797600000)
  from space 5120K, 99% used [0x0000000797600000,0x0000000797afb4b0,0x0000000797b00000)
  to   space 5120K, 0% used [0x0000000799b80000,0x0000000799b80000,0x000000079a080000)
 ParOldGen       total 87552K, used 12350K [0x0000000740000000, 0x0000000745580000, 0x0000000795580000)
  object space 87552K, 14% used [0x0000000740000000,0x0000000740c0fb80,0x0000000745580000)
 Metaspace       used 20462K, capacity 20633K, committed 20864K, reserved 1069056K
  class space    used 2040K, capacity 2111K, committed 2176K, reserved 1048576K
}
Event: 7.414 GC heap before
{Heap before GC invocations=4 (full 0):
 PSYoungGen      total 38400K, used 38264K [0x0000000795580000, 0x000000079a080000, 0x00000007c0000000)
  eden space 33280K, 99% used [0x0000000795580000,0x00000007975e2da0,0x0000000797600000)
  from space 5120K, 99% used [0x0000000797600000,0x0000000797afb4b0,0x0000000797b00000)
  to   space 5120K, 0% used [0x0000000799b80000,0x0000000799b80000,0x000000079a080000)
 ParOldGen       total 87552K, used 12350K [0x0000000740000000, 0x0000000745580000, 0x0000000795580000)
  object space 87552K, 14% used [0x0000000740000000,0x0000000740c0fb80,0x0000000745580000)
 Metaspace       used 20794K, capacity 21023K, committed 21296K, reserved 1069056K
  class space    used 2041K, capacity 2112K, committed 2176K, reserved 1048576K
Event: 7.423 GC heap after
Heap after GC invocations=4 (full 0):
 PSYoungGen      total 38400K, used 5117K [0x0000000795580000, 0x000000079a080000, 0x00000007c0000000)
  eden space 33280K, 0% used [0x0000000795580000,0x0000000795580000,0x0000000797600000)
  from space 5120K, 99% used [0x0000000799b80000,0x000000079a07f490,0x000000079a080000)
  to   space 5120K, 0% used [0x0000000797600000,0x0000000797600000,0x0000000797b00000)
 ParOldGen       total 87552K, used 14512K [0x0000000740000000, 0x0000000745580000, 0x0000000795580000)
  object space 87552K, 16% used [0x0000000740000000,0x0000000740e2c300,0x0000000745580000)
 Metaspace       used 20794K, capacity 21023K, committed 21296K, reserved 1069056K
  class space    used 2041K, capacity 2112K, committed 2176K, reserved 1048576K
}
Event: 7.915 GC heap before
{Heap before GC invocations=5 (full 0):
 PSYoungGen      total 38400K, used 28536K [0x0000000795580000, 0x000000079a080000, 0x00000007c0000000)
  eden space 33280K, 70% used [0x0000000795580000,0x0000000796c5ed38,0x0000000797600000)
  from space 5120K, 99% used [0x0000000799b80000,0x000000079a07f490,0x000000079a080000)
  to   space 5120K, 0% used [0x0000000797600000,0x0000000797600000,0x0000000797b00000)
 ParOldGen       total 87552K, used 14512K [0x0000000740000000, 0x0000000745580000, 0x0000000795580000)
  object space 87552K, 16% used [0x0000000740000000,0x0000000740e2c300,0x0000000745580000)
 Metaspace       used 20920K, capacity 21087K, committed 21296K, reserved 1069056K
  class space    used 2041K, capacity 2112K, committed 2176K, reserved 1048576K
Event: 7.923 GC heap after
Heap after GC invocations=5 (full 0):
 PSYoungGen      total 38400K, used 5101K [0x0000000795580000, 0x000000079b380000, 0x00000007c0000000)
  eden space 33280K, 0% used [0x0000000795580000,0x0000000795580000,0x0000000797600000)
  from space 5120K, 99% used [0x0000000797600000,0x0000000797afb420,0x0000000797b00000)
  to   space 14848K, 0% used [0x000000079a500000,0x000000079a500000,0x000000079b380000)
 ParOldGen       total 87552K, used 19763K [0x0000000740000000, 0x0000000745580000, 0x0000000795580000)
  object space 87552K, 22% used [0x0000000740000000,0x000000074134cd60,0x0000000745580000)
 Metaspace       used 20920K, capacity 21087K, committed 21296K, reserved 1069056K
  class space    used 2041K, capacity 2112K, committed 2176K, reserved 1048576K
}
Event: 7.923 GC heap before
{Heap before GC invocations=6 (full 1):
 PSYoungGen      total 38400K, used 5101K [0x0000000795580000, 0x000000079b380000, 0x00000007c0000000)
  eden space 33280K, 0% used [0x0000000795580000,0x0000000795580000,0x0000000797600000)
  from space 5120K, 99% used [0x0000000797600000,0x0000000797afb420,0x0000000797b00000)
  to   space 14848K, 0% used [0x000000079a500000,0x000000079a500000,0x000000079b380000)
 ParOldGen       total 87552K, used 19763K [0x0000000740000000, 0x0000000745580000, 0x0000000795580000)
  object space 87552K, 22% used [0x0000000740000000,0x000000074134cd60,0x0000000745580000)
 Metaspace       used 20920K, capacity 21087K, committed 21296K, reserved 1069056K
  class space    used 2041K, capacity 2112K, committed 2176K, reserved 1048576K
Event: 7.951 GC heap after
Heap after GC invocations=6 (full 1):
 PSYoungGen      total 38400K, used 0K [0x0000000795580000, 0x000000079b380000, 0x00000007c0000000)
  eden space 33280K, 0% used [0x0000000795580000,0x0000000795580000,0x0000000797600000)
  from space 5120K, 0% used [0x0000000797600000,0x0000000797600000,0x0000000797b00000)
  to   space 14848K, 0% used [0x000000079a500000,0x000000079a500000,0x000000079b380000)
 ParOldGen       total 75264K, used 23698K [0x0000000740000000, 0x0000000744980000, 0x0000000795580000)
  object space 75264K, 31% used [0x0000000740000000,0x0000000741724a30,0x0000000744980000)
 Metaspace       used 20920K, capacity 21087K, committed 21296K, reserved 1069056K
  class space    used 2041K, capacity 2112K, committed 2176K, reserved 1048576K
}
Event: 10.447 GC heap before
{Heap before GC invocations=7 (full 1):
 PSYoungGen      total 38400K, used 33280K [0x0000000795580000, 0x000000079b380000, 0x00000007c0000000)
  eden space 33280K, 100% used [0x0000000795580000,0x0000000797600000,0x0000000797600000)
  from space 5120K, 0% used [0x0000000797600000,0x0000000797600000,0x0000000797b00000)
  to   space 14848K, 0% used [0x000000079a500000,0x000000079a500000,0x000000079b380000)
 ParOldGen       total 75264K, used 23698K [0x0000000740000000, 0x0000000744980000, 0x0000000795580000)
  object space 75264K, 31% used [0x0000000740000000,0x0000000741724a30,0x0000000744980000)
 Metaspace       used 21078K, capacity 21279K, committed 21552K, reserved 1069056K
  class space    used 2041K, capacity 2112K, committed 2176K, reserved 1048576K
Event: 10.450 GC heap after
Heap after GC invocations=7 (full 1):
 PSYoungGen      total 61952K, used 5024K [0x0000000795580000, 0x000000079aa00000, 0x00000007c0000000)
  eden space 56832K, 0% used [0x0000000795580000,0x0000000795580000,0x0000000798d00000)
  from space 5120K, 98% used [0x000000079a500000,0x000000079a9e8130,0x000000079aa00000)
  to   space 14848K, 0% used [0x0000000798d00000,0x0000000798d00000,0x0000000799b80000)
 ParOldGen       total 75264K, used 23706K [0x0000000740000000, 0x0000000744980000, 0x0000000795580000)
  object space 75264K, 31% used [0x0000000740000000,0x0000000741726a30,0x0000000744980000)
 Metaspace       used 21078K, capacity 21279K, committed 21552K, reserved 1069056K
  class space    used 2041K, capacity 2112K, committed 2176K, reserved 1048576K
}

