# JRE version: Java(TM) SE Runtime Environment (8.0_60-b27) (build 1.8.0_60-b27)
# Java VM: Java HotSpot(TM) 64-Bit Server VM (25.60-b23 mixed mode bsd-amd64 compressed oops)
Heap:
 PSYoungGen      total 41984K, used 6773K [0x0000000795580000, 0x0000000798d00000, 0x00000007c0000000)
  eden space 29184K, 22% used [0x0000000795580000,0x0000000795bed778,0x0000000797200000)
  from space 12800K, 1% used [0x0000000798080000,0x00000007980b0000,0x0000000798d00000)
  to   space 13824K, 0% used [0x0000000797200000,0x0000000797200000,0x0000000797f80000)
 ParOldGen       total 58880K, used 16418K [0x0000000740000000, 0x0000000743980000, 0x0000000795580000)
  object space 58880K, 27% used [0x0000000740000000,0x0000000741008a98,0x0000000743980000)
 Metaspace       used 21194K, capacity 21403K, committed 21808K, reserved 1069056K
  class space    used 2049K, capacity 2112K, committed 2176K, reserved 1048576K
GC Heap History (10 events):
Event: 20.851 GC heap before
{Heap before GC invocations=9 (full 1):
 PSYoungGen      total 47104K, used 31840K [0x0000000795580000, 0x0000000799380000, 0x00000007c0000000)
  eden space 31744K, 100% used [0x0000000795580000,0x0000000797480000,0x0000000797480000)
  from space 15360K, 0% used [0x0000000797500000,0x0000000797518000,0x0000000798400000)
  to   space 15872K, 0% used [0x0000000798400000,0x0000000798400000,0x0000000799380000)
 ParOldGen       total 58880K, used 16402K [0x0000000740000000, 0x0000000743980000, 0x0000000795580000)
  object space 58880K, 27% used [0x0000000740000000,0x0000000741004a98,0x0000000743980000)
 Metaspace       used 21156K, capacity 21403K, committed 21808K, reserved 1069056K
  class space    used 2042K, capacity 2112K, committed 2176K, reserved 1048576K
Event: 20.853 GC heap after
Heap after GC invocations=9 (full 1):
 PSYoungGen      total 45568K, used 96K [0x0000000795580000, 0x0000000799200000, 0x00000007c0000000)
  eden space 31232K, 0% used [0x0000000795580000,0x0000000795580000,0x0000000797400000)
  from space 14336K, 0% used [0x0000000798400000,0x0000000798418000,0x0000000799200000)
  to   space 15360K, 0% used [0x0000000797400000,0x0000000797400000,0x0000000798300000)
 ParOldGen       total 58880K, used 16410K [0x0000000740000000, 0x0000000743980000, 0x0000000795580000)
  object space 58880K, 27% used [0x0000000740000000,0x0000000741006a98,0x0000000743980000)
 Metaspace       used 21156K, capacity 21403K, committed 21808K, reserved 1069056K
  class space    used 2042K, capacity 2112K, committed 2176K, reserved 1048576K
}
Event: 24.150 GC heap before
{Heap before GC invocations=10 (full 1):
 PSYoungGen      total 45568K, used 31328K [0x0000000795580000, 0x0000000799200000, 0x00000007c0000000)
  eden space 31232K, 100% used [0x0000000795580000,0x0000000797400000,0x0000000797400000)
  from space 14336K, 0% used [0x0000000798400000,0x0000000798418000,0x0000000799200000)
  to   space 15360K, 0% used [0x0000000797400000,0x0000000797400000,0x0000000798300000)
 ParOldGen       total 58880K, used 16410K [0x0000000740000000, 0x0000000743980000, 0x0000000795580000)
  object space 58880K, 27% used [0x0000000740000000,0x0000000741006a98,0x0000000743980000)
 Metaspace       used 21157K, capacity 21403K, committed 21808K, reserved 1069056K
  class space    used 2042K, capacity 2112K, committed 2176K, reserved 1048576K
Event: 24.151 GC heap after
Heap after GC invocations=10 (full 1):
 PSYoungGen      total 31232K, used 128K [0x0000000795580000, 0x0000000799180000, 0x00000007c0000000)
  eden space 30720K, 0% used [0x0000000795580000,0x0000000795580000,0x0000000797380000)
  from space 512K, 25% used [0x0000000797400000,0x0000000797420000,0x0000000797480000)
  to   space 15360K, 0% used [0x0000000798280000,0x0000000798280000,0x0000000799180000)
 ParOldGen       total 58880K, used 16418K [0x0000000740000000, 0x0000000743980000, 0x0000000795580000)
  object space 58880K, 27% used [0x0000000740000000,0x0000000741008a98,0x0000000743980000)
 Metaspace       used 21157K, capacity 21403K, committed 21808K, reserved 1069056K
  class space    used 2042K, capacity 2112K, committed 2176K, reserved 1048576K
}
Event: 27.265 GC heap before
{Heap before GC invocations=11 (full 1):
 PSYoungGen      total 31232K, used 30848K [0x0000000795580000, 0x0000000799180000, 0x00000007c0000000)
  eden space 30720K, 100% used [0x0000000795580000,0x0000000797380000,0x0000000797380000)
  from space 512K, 25% used [0x0000000797400000,0x0000000797420000,0x0000000797480000)
  to   space 15360K, 0% used [0x0000000798280000,0x0000000798280000,0x0000000799180000)
 ParOldGen       total 58880K, used 16418K [0x0000000740000000, 0x0000000743980000, 0x0000000795580000)
  object space 58880K, 27% used [0x0000000740000000,0x0000000741008a98,0x0000000743980000)
 Metaspace       used 21159K, capacity 21403K, committed 21808K, reserved 1069056K
  class space    used 2042K, capacity 2112K, committed 2176K, reserved 1048576K
Event: 27.266 GC heap after
Heap after GC invocations=11 (full 1):
 PSYoungGen      total 44032K, used 160K [0x0000000795580000, 0x0000000799000000, 0x00000007c0000000)
  eden space 30208K, 0% used [0x0000000795580000,0x0000000795580000,0x0000000797300000)
  from space 13824K, 1% used [0x0000000798280000,0x00000007982a8000,0x0000000799000000)
  to   space 14848K, 0% used [0x0000000797300000,0x0000000797300000,0x0000000798180000)
 ParOldGen       total 58880K, used 16418K [0x0000000740000000, 0x0000000743980000, 0x0000000795580000)
  object space 58880K, 27% used [0x0000000740000000,0x0000000741008a98,0x0000000743980000)
 Metaspace       used 21159K, capacity 21403K, committed 21808K, reserved 1069056K
  class space    used 2042K, capacity 2112K, committed 2176K, reserved 1048576K
}
Event: 30.318 GC heap before
{Heap before GC invocations=12 (full 1):
 PSYoungGen      total 44032K, used 30368K [0x0000000795580000, 0x0000000799000000, 0x00000007c0000000)
  eden space 30208K, 100% used [0x0000000795580000,0x0000000797300000,0x0000000797300000)
  from space 13824K, 1% used [0x0000000798280000,0x00000007982a8000,0x0000000799000000)
  to   space 14848K, 0% used [0x0000000797300000,0x0000000797300000,0x0000000798180000)
 ParOldGen       total 58880K, used 16418K [0x0000000740000000, 0x0000000743980000, 0x0000000795580000)
  object space 58880K, 27% used [0x0000000740000000,0x0000000741008a98,0x0000000743980000)
 Metaspace       used 21159K, capacity 21403K, committed 21808K, reserved 1069056K
  class space    used 2042K, capacity 2112K, committed 2176K, reserved 1048576K
Event: 30.319 GC heap after
Heap after GC invocations=12 (full 1):
 PSYoungGen      total 30208K, used 160K [0x0000000795580000, 0x0000000798e80000, 0x00000007c0000000)
  eden space 29696K, 0% used [0x0000000795580000,0x0000000795580000,0x0000000797280000)
  from space 512K, 31% used [0x0000000797300000,0x0000000797328000,0x0000000797380000)
  to   space 14336K, 0% used [0x0000000798080000,0x0000000798080000,0x0000000798e80000)
 ParOldGen       total 58880K, used 16418K [0x0000000740000000, 0x0000000743980000, 0x0000000795580000)
  object space 58880K, 27% used [0x0000000740000000,0x0000000741008a98,0x0000000743980000)
 Metaspace       used 21159K, capacity 21403K, committed 21808K, reserved 1069056K
  class space    used 2042K, capacity 2112K, committed 2176K, reserved 1048576K
}
Event: 33.701 GC heap before
{Heap before GC invocations=13 (full 1):
 PSYoungGen      total 30208K, used 29856K [0x0000000795580000, 0x0000000798e80000, 0x00000007c0000000)
  eden space 29696K, 100% used [0x0000000795580000,0x0000000797280000,0x0000000797280000)
  from space 512K, 31% used [0x0000000797300000,0x0000000797328000,0x0000000797380000)
  to   space 14336K, 0% used [0x0000000798080000,0x0000000798080000,0x0000000798e80000)
 ParOldGen       total 58880K, used 16418K [0x0000000740000000, 0x0000000743980000, 0x0000000795580000)
  object space 58880K, 27% used [0x0000000740000000,0x0000000741008a98,0x0000000743980000)
 Metaspace       used 21159K, capacity 21403K, committed 21808K, reserved 1069056K
  class space    used 2042K, capacity 2112K, committed 2176K, reserved 1048576K
Event: 33.702 GC heap after
Heap after GC invocations=13 (full 1):
 PSYoungGen      total 41984K, used 192K [0x0000000795580000, 0x0000000798d00000, 0x00000007c0000000)
  eden space 29184K, 0% used [0x0000000795580000,0x0000000795580000,0x0000000797200000)
  from space 12800K, 1% used [0x0000000798080000,0x00000007980b0000,0x0000000798d00000)
  to   space 13824K, 0% used [0x0000000797200000,0x0000000797200000,0x0000000797f80000)
 ParOldGen       total 58880K, used 16418K [0x0000000740000000, 0x0000000743980000, 0x0000000795580000)
  object space 58880K, 27% used [0x0000000740000000,0x0000000741008a98,0x0000000743980000)
 Metaspace       used 21159K, capacity 21403K, committed 21808K, reserved 1069056K
  class space    used 2042K, capacity 2112K, committed 2176K, reserved 1048576K
}

