# JRE version: Java(TM) SE Runtime Environment (8.0_60-b27) (build 1.8.0_60-b27)
# Java VM: Java HotSpot(TM) 64-Bit Server VM (25.60-b23 mixed mode bsd-amd64 compressed oops)
Heap:
 PSYoungGen      total 27648K, used 21811K [0x0000000795580000, 0x0000000797400000, 0x00000007c0000000)
  eden space 24064K, 90% used [0x0000000795580000,0x0000000796ab4ec0,0x0000000796d00000)
  from space 3584K, 2% used [0x0000000796d00000,0x0000000796d18000,0x0000000797080000)
  to   space 3584K, 0% used [0x0000000797080000,0x0000000797080000,0x0000000797400000)
 ParOldGen       total 87552K, used 16218K [0x0000000740000000, 0x0000000745580000, 0x0000000795580000)
  object space 87552K, 18% used [0x0000000740000000,0x0000000740fd69e8,0x0000000745580000)
 Metaspace       used 19170K, capacity 19425K, committed 19712K, reserved 1067008K
  class space    used 1879K, capacity 1949K, committed 2048K, reserved 1048576K
GC Heap History (10 events):
Event: 252.570 GC heap before
{Heap before GC invocations=31 (full 0):
 PSYoungGen      total 28672K, used 24160K [0x0000000795580000, 0x0000000797700000, 0x00000007c0000000)
  eden space 24064K, 100% used [0x0000000795580000,0x0000000796d00000,0x0000000796d00000)
  from space 4608K, 2% used [0x0000000797280000,0x0000000797298000,0x0000000797700000)
  to   space 5120K, 0% used [0x0000000796d00000,0x0000000796d00000,0x0000000797200000)
 ParOldGen       total 87552K, used 16218K [0x0000000740000000, 0x0000000745580000, 0x0000000795580000)
  object space 87552K, 18% used [0x0000000740000000,0x0000000740fd69e8,0x0000000745580000)
 Metaspace       used 19118K, capacity 19297K, committed 19456K, reserved 1067008K
  class space    used 1870K, capacity 1949K, committed 2048K, reserved 1048576K
Event: 252.571 GC heap after
Heap after GC invocations=31 (full 0):
 PSYoungGen      total 24576K, used 64K [0x0000000795580000, 0x0000000797600000, 0x00000007c0000000)
  eden space 24064K, 0% used [0x0000000795580000,0x0000000795580000,0x0000000796d00000)
  from space 512K, 12% used [0x0000000796d00000,0x0000000796d10000,0x0000000796d80000)
  to   space 4608K, 0% used [0x0000000797180000,0x0000000797180000,0x0000000797600000)
 ParOldGen       total 87552K, used 16218K [0x0000000740000000, 0x0000000745580000, 0x0000000795580000)
  object space 87552K, 18% used [0x0000000740000000,0x0000000740fd69e8,0x0000000745580000)
 Metaspace       used 19118K, capacity 19297K, committed 19456K, reserved 1067008K
  class space    used 1870K, capacity 1949K, committed 2048K, reserved 1048576K
}
Event: 260.221 GC heap before
{Heap before GC invocations=32 (full 0):
 PSYoungGen      total 24576K, used 24127K [0x0000000795580000, 0x0000000797600000, 0x00000007c0000000)
  eden space 24064K, 99% used [0x0000000795580000,0x0000000796cffff8,0x0000000796d00000)
  from space 512K, 12% used [0x0000000796d00000,0x0000000796d10000,0x0000000796d80000)
  to   space 4608K, 0% used [0x0000000797180000,0x0000000797180000,0x0000000797600000)
 ParOldGen       total 87552K, used 16218K [0x0000000740000000, 0x0000000745580000, 0x0000000795580000)
  object space 87552K, 18% used [0x0000000740000000,0x0000000740fd69e8,0x0000000745580000)
 Metaspace       used 19118K, capacity 19297K, committed 19456K, reserved 1067008K
  class space    used 1870K, capacity 1949K, committed 2048K, reserved 1048576K
Event: 260.222 GC heap after
Heap after GC invocations=32 (full 0):
 PSYoungGen      total 28672K, used 96K [0x0000000795580000, 0x0000000797600000, 0x00000007c0000000)
  eden space 24064K, 0% used [0x0000000795580000,0x0000000795580000,0x0000000796d00000)
  from space 4608K, 2% used [0x0000000797180000,0x0000000797198000,0x0000000797600000)
  to   space 4608K, 0% used [0x0000000796d00000,0x0000000796d00000,0x0000000797180000)
 ParOldGen       total 87552K, used 16218K [0x0000000740000000, 0x0000000745580000, 0x0000000795580000)
  object space 87552K, 18% used [0x0000000740000000,0x0000000740fd69e8,0x0000000745580000)
 Metaspace       used 19118K, capacity 19297K, committed 19456K, reserved 1067008K
  class space    used 1870K, capacity 1949K, committed 2048K, reserved 1048576K
}
Event: 267.871 GC heap before
{Heap before GC invocations=33 (full 0):
 PSYoungGen      total 28672K, used 24160K [0x0000000795580000, 0x0000000797600000, 0x00000007c0000000)
  eden space 24064K, 100% used [0x0000000795580000,0x0000000796d00000,0x0000000796d00000)
  from space 4608K, 2% used [0x0000000797180000,0x0000000797198000,0x0000000797600000)
  to   space 4608K, 0% used [0x0000000796d00000,0x0000000796d00000,0x0000000797180000)
 ParOldGen       total 87552K, used 16218K [0x0000000740000000, 0x0000000745580000, 0x0000000795580000)
  object space 87552K, 18% used [0x0000000740000000,0x0000000740fd69e8,0x0000000745580000)
 Metaspace       used 19118K, capacity 19297K, committed 19456K, reserved 1067008K
  class space    used 1870K, capacity 1949K, committed 2048K, reserved 1048576K
Event: 267.872 GC heap after
Heap after GC invocations=33 (full 0):
 PSYoungGen      total 24576K, used 96K [0x0000000795580000, 0x0000000797500000, 0x00000007c0000000)
  eden space 24064K, 0% used [0x0000000795580000,0x0000000795580000,0x0000000796d00000)
  from space 512K, 18% used [0x0000000796d00000,0x0000000796d18000,0x0000000796d80000)
  to   space 4096K, 0% used [0x0000000797100000,0x0000000797100000,0x0000000797500000)
 ParOldGen       total 87552K, used 16218K [0x0000000740000000, 0x0000000745580000, 0x0000000795580000)
  object space 87552K, 18% used [0x0000000740000000,0x0000000740fd69e8,0x0000000745580000)
 Metaspace       used 19118K, capacity 19297K, committed 19456K, reserved 1067008K
  class space    used 1870K, capacity 1949K, committed 2048K, reserved 1048576K
}
Event: 275.521 GC heap before
{Heap before GC invocations=34 (full 0):
 PSYoungGen      total 24576K, used 24160K [0x0000000795580000, 0x0000000797500000, 0x00000007c0000000)
  eden space 24064K, 100% used [0x0000000795580000,0x0000000796d00000,0x0000000796d00000)
  from space 512K, 18% used [0x0000000796d00000,0x0000000796d18000,0x0000000796d80000)
  to   space 4096K, 0% used [0x0000000797100000,0x0000000797100000,0x0000000797500000)
 ParOldGen       total 87552K, used 16218K [0x0000000740000000, 0x0000000745580000, 0x0000000795580000)
  object space 87552K, 18% used [0x0000000740000000,0x0000000740fd69e8,0x0000000745580000)
 Metaspace       used 19118K, capacity 19297K, committed 19456K, reserved 1067008K
  class space    used 1870K, capacity 1949K, committed 2048K, reserved 1048576K
Event: 275.522 GC heap after
Heap after GC invocations=34 (full 0):
 PSYoungGen      total 27136K, used 96K [0x0000000795580000, 0x0000000797400000, 0x00000007c0000000)
  eden space 24064K, 0% used [0x0000000795580000,0x0000000795580000,0x0000000796d00000)
  from space 3072K, 3% used [0x0000000797100000,0x0000000797118000,0x0000000797400000)
  to   space 3584K, 0% used [0x0000000796d00000,0x0000000796d00000,0x0000000797080000)
 ParOldGen       total 87552K, used 16218K [0x0000000740000000, 0x0000000745580000, 0x0000000795580000)
  object space 87552K, 18% used [0x0000000740000000,0x0000000740fd69e8,0x0000000745580000)
 Metaspace       used 19118K, capacity 19297K, committed 19456K, reserved 1067008K
  class space    used 1870K, capacity 1949K, committed 2048K, reserved 1048576K
}
Event: 283.155 GC heap before
{Heap before GC invocations=35 (full 0):
 PSYoungGen      total 27136K, used 24160K [0x0000000795580000, 0x0000000797400000, 0x00000007c0000000)
  eden space 24064K, 100% used [0x0000000795580000,0x0000000796d00000,0x0000000796d00000)
  from space 3072K, 3% used [0x0000000797100000,0x0000000797118000,0x0000000797400000)
  to   space 3584K, 0% used [0x0000000796d00000,0x0000000796d00000,0x0000000797080000)
 ParOldGen       total 87552K, used 16218K [0x0000000740000000, 0x0000000745580000, 0x0000000795580000)
  object space 87552K, 18% used [0x0000000740000000,0x0000000740fd69e8,0x0000000745580000)
 Metaspace       used 19118K, capacity 19297K, committed 19456K, reserved 1067008K
  class space    used 1870K, capacity 1949K, committed 2048K, reserved 1048576K
Event: 283.156 GC heap after
Heap after GC invocations=35 (full 0):
 PSYoungGen      total 27648K, used 96K [0x0000000795580000, 0x0000000797400000, 0x00000007c0000000)
  eden space 24064K, 0% used [0x0000000795580000,0x0000000795580000,0x0000000796d00000)
  from space 3584K, 2% used [0x0000000796d00000,0x0000000796d18000,0x0000000797080000)
  to   space 3584K, 0% used [0x0000000797080000,0x0000000797080000,0x0000000797400000)
 ParOldGen       total 87552K, used 16218K [0x0000000740000000, 0x0000000745580000, 0x0000000795580000)
  object space 87552K, 18% used [0x0000000740000000,0x0000000740fd69e8,0x0000000745580000)
 Metaspace       used 19118K, capacity 19297K, committed 19456K, reserved 1067008K
  class space    used 1870K, capacity 1949K, committed 2048K, reserved 1048576K
}

