# JRE version: Java(TM) SE Runtime Environment (8.0_60-b27) (build 1.8.0_60-b27)
# Java VM: Java HotSpot(TM) 64-Bit Server VM (25.60-b23 mixed mode bsd-amd64 compressed oops)
Heap:
 PSYoungGen      total 43520K, used 26973K [0x0000000795580000, 0x0000000798f80000, 0x00000007c0000000)
  eden space 29696K, 67% used [0x0000000795580000,0x0000000796917640,0x0000000797280000)
  from space 13824K, 50% used [0x0000000798200000,0x00000007988c01a0,0x0000000798f80000)
  to   space 14848K, 0% used [0x0000000797280000,0x0000000797280000,0x0000000798100000)
 ParOldGen       total 86016K, used 29256K [0x0000000740000000, 0x0000000745400000, 0x0000000795580000)
  object space 86016K, 34% used [0x0000000740000000,0x0000000741c92018,0x0000000745400000)
 Metaspace       used 21334K, capacity 21531K, committed 21808K, reserved 1069056K
  class space    used 2047K, capacity 2112K, committed 2176K, reserved 1048576K
GC Heap History (10 events):
Event: 14.719 GC heap before
{Heap before GC invocations=9 (full 1):
 PSYoungGen      total 48640K, used 32384K [0x0000000795580000, 0x000000079a900000, 0x00000007c0000000)
  eden space 32256K, 100% used [0x0000000795580000,0x0000000797500000,0x0000000797500000)
  from space 16384K, 0% used [0x0000000797500000,0x0000000797520000,0x0000000798500000)
  to   space 17408K, 0% used [0x0000000799800000,0x0000000799800000,0x000000079a900000)
 ParOldGen       total 86016K, used 29232K [0x0000000740000000, 0x0000000745400000, 0x0000000795580000)
  object space 86016K, 33% used [0x0000000740000000,0x0000000741c8c018,0x0000000745400000)
 Metaspace       used 21243K, capacity 21467K, committed 21808K, reserved 1069056K
  class space    used 2039K, capacity 2112K, committed 2176K, reserved 1048576K
Event: 14.720 GC heap after
Heap after GC invocations=9 (full 1):
 PSYoungGen      total 32256K, used 160K [0x0000000795580000, 0x0000000799880000, 0x00000007c0000000)
  eden space 31744K, 0% used [0x0000000795580000,0x0000000795580000,0x0000000797480000)
  from space 512K, 31% used [0x0000000799800000,0x0000000799828000,0x0000000799880000)
  to   space 17920K, 0% used [0x0000000797580000,0x0000000797580000,0x0000000798700000)
 ParOldGen       total 86016K, used 29240K [0x0000000740000000, 0x0000000745400000, 0x0000000795580000)
  object space 86016K, 33% used [0x0000000740000000,0x0000000741c8e018,0x0000000745400000)
 Metaspace       used 21243K, capacity 21467K, committed 21808K, reserved 1069056K
  class space    used 2039K, capacity 2112K, committed 2176K, reserved 1048576K
}
Event: 16.058 GC heap before
{Heap before GC invocations=10 (full 1):
 PSYoungGen      total 32256K, used 31904K [0x0000000795580000, 0x0000000799880000, 0x00000007c0000000)
  eden space 31744K, 100% used [0x0000000795580000,0x0000000797480000,0x0000000797480000)
  from space 512K, 31% used [0x0000000799800000,0x0000000799828000,0x0000000799880000)
  to   space 17920K, 0% used [0x0000000797580000,0x0000000797580000,0x0000000798700000)
 ParOldGen       total 86016K, used 29240K [0x0000000740000000, 0x0000000745400000, 0x0000000795580000)
  object space 86016K, 33% used [0x0000000740000000,0x0000000741c8e018,0x0000000745400000)
 Metaspace       used 21267K, capacity 21467K, committed 21808K, reserved 1069056K
  class space    used 2039K, capacity 2112K, committed 2176K, reserved 1048576K
Event: 16.060 GC heap after
Heap after GC invocations=10 (full 1):
 PSYoungGen      total 49152K, used 4704K [0x0000000795580000, 0x0000000799880000, 0x00000007c0000000)
  eden space 31232K, 0% used [0x0000000795580000,0x0000000795580000,0x0000000797400000)
  from space 17920K, 26% used [0x0000000797580000,0x0000000797a18130,0x0000000798700000)
  to   space 17408K, 0% used [0x0000000798780000,0x0000000798780000,0x0000000799880000)
 ParOldGen       total 86016K, used 29248K [0x0000000740000000, 0x0000000745400000, 0x0000000795580000)
  object space 86016K, 34% used [0x0000000740000000,0x0000000741c90018,0x0000000745400000)
 Metaspace       used 21267K, capacity 21467K, committed 21808K, reserved 1069056K
  class space    used 2039K, capacity 2112K, committed 2176K, reserved 1048576K
}
Event: 18.535 GC heap before
{Heap before GC invocations=11 (full 1):
 PSYoungGen      total 49152K, used 35936K [0x0000000795580000, 0x0000000799880000, 0x00000007c0000000)
  eden space 31232K, 100% used [0x0000000795580000,0x0000000797400000,0x0000000797400000)
  from space 17920K, 26% used [0x0000000797580000,0x0000000797a18130,0x0000000798700000)
  to   space 17408K, 0% used [0x0000000798780000,0x0000000798780000,0x0000000799880000)
 ParOldGen       total 86016K, used 29248K [0x0000000740000000, 0x0000000745400000, 0x0000000795580000)
  object space 86016K, 34% used [0x0000000740000000,0x0000000741c90018,0x0000000745400000)
 Metaspace       used 21296K, capacity 21467K, committed 21808K, reserved 1069056K
  class space    used 2039K, capacity 2112K, committed 2176K, reserved 1048576K
Event: 18.538 GC heap after
Heap after GC invocations=11 (full 1):
 PSYoungGen      total 43008K, used 7008K [0x0000000795580000, 0x0000000799380000, 0x00000007c0000000)
  eden space 30720K, 0% used [0x0000000795580000,0x0000000795580000,0x0000000797380000)
  from space 12288K, 57% used [0x0000000798780000,0x0000000798e581c0,0x0000000799380000)
  to   space 16384K, 0% used [0x0000000797380000,0x0000000797380000,0x0000000798380000)
 ParOldGen       total 86016K, used 29256K [0x0000000740000000, 0x0000000745400000, 0x0000000795580000)
  object space 86016K, 34% used [0x0000000740000000,0x0000000741c92018,0x0000000745400000)
 Metaspace       used 21296K, capacity 21467K, committed 21808K, reserved 1069056K
  class space    used 2039K, capacity 2112K, committed 2176K, reserved 1048576K
}
Event: 22.436 GC heap before
{Heap before GC invocations=12 (full 1):
 PSYoungGen      total 43008K, used 37728K [0x0000000795580000, 0x0000000799380000, 0x00000007c0000000)
  eden space 30720K, 100% used [0x0000000795580000,0x0000000797380000,0x0000000797380000)
  from space 12288K, 57% used [0x0000000798780000,0x0000000798e581c0,0x0000000799380000)
  to   space 16384K, 0% used [0x0000000797380000,0x0000000797380000,0x0000000798380000)
 ParOldGen       total 86016K, used 29256K [0x0000000740000000, 0x0000000745400000, 0x0000000795580000)
  object space 86016K, 34% used [0x0000000740000000,0x0000000741c92018,0x0000000745400000)
 Metaspace       used 21297K, capacity 21467K, committed 21808K, reserved 1069056K
  class space    used 2039K, capacity 2112K, committed 2176K, reserved 1048576K
Event: 22.438 GC heap after
Heap after GC invocations=12 (full 1):
 PSYoungGen      total 37376K, used 7008K [0x0000000795580000, 0x0000000799100000, 0x00000007c0000000)
  eden space 30208K, 0% used [0x0000000795580000,0x0000000795580000,0x0000000797300000)
  from space 7168K, 97% used [0x0000000797380000,0x0000000797a581c0,0x0000000797a80000)
  to   space 15360K, 0% used [0x0000000798200000,0x0000000798200000,0x0000000799100000)
 ParOldGen       total 86016K, used 29256K [0x0000000740000000, 0x0000000745400000, 0x0000000795580000)
  object space 86016K, 34% used [0x0000000740000000,0x0000000741c92018,0x0000000745400000)
 Metaspace       used 21297K, capacity 21467K, committed 21808K, reserved 1069056K
  class space    used 2039K, capacity 2112K, committed 2176K, reserved 1048576K
}
Event: 25.803 GC heap before
{Heap before GC invocations=13 (full 1):
 PSYoungGen      total 37376K, used 37216K [0x0000000795580000, 0x0000000799100000, 0x00000007c0000000)
  eden space 30208K, 100% used [0x0000000795580000,0x0000000797300000,0x0000000797300000)
  from space 7168K, 97% used [0x0000000797380000,0x0000000797a581c0,0x0000000797a80000)
  to   space 15360K, 0% used [0x0000000798200000,0x0000000798200000,0x0000000799100000)
 ParOldGen       total 86016K, used 29256K [0x0000000740000000, 0x0000000745400000, 0x0000000795580000)
  object space 86016K, 34% used [0x0000000740000000,0x0000000741c92018,0x0000000745400000)
 Metaspace       used 21298K, capacity 21467K, committed 21808K, reserved 1069056K
  class space    used 2039K, capacity 2112K, committed 2176K, reserved 1048576K
Event: 25.806 GC heap after
Heap after GC invocations=13 (full 1):
 PSYoungGen      total 43520K, used 6912K [0x0000000795580000, 0x0000000798f80000, 0x00000007c0000000)
  eden space 29696K, 0% used [0x0000000795580000,0x0000000795580000,0x0000000797280000)
  from space 13824K, 50% used [0x0000000798200000,0x00000007988c01a0,0x0000000798f80000)
  to   space 14848K, 0% used [0x0000000797280000,0x0000000797280000,0x0000000798100000)
 ParOldGen       total 86016K, used 29256K [0x0000000740000000, 0x0000000745400000, 0x0000000795580000)
  object space 86016K, 34% used [0x0000000740000000,0x0000000741c92018,0x0000000745400000)
 Metaspace       used 21298K, capacity 21467K, committed 21808K, reserved 1069056K
  class space    used 2039K, capacity 2112K, committed 2176K, reserved 1048576K
}

