# JRE version: Java(TM) SE Runtime Environment (8.0_60-b27) (build 1.8.0_60-b27)
# Java VM: Java HotSpot(TM) 64-Bit Server VM (25.60-b23 mixed mode bsd-amd64 compressed oops)
Heap:
 PSYoungGen      total 80896K, used 21499K [0x0000000795580000, 0x000000079cc00000, 0x00000007c0000000)
  eden space 64512K, 13% used [0x0000000795580000,0x0000000795e1e998,0x0000000799480000)
  from space 16384K, 77% used [0x0000000799480000,0x000000079a0e0320,0x000000079a480000)
  to   space 16896K, 0% used [0x000000079bb80000,0x000000079bb80000,0x000000079cc00000)
 ParOldGen       total 90112K, used 37245K [0x0000000740000000, 0x0000000745800000, 0x0000000795580000)
  object space 90112K, 41% used [0x0000000740000000,0x000000074245f5f8,0x0000000745800000)
 Metaspace       used 21418K, capacity 21599K, committed 21808K, reserved 1069056K
  class space    used 2048K, capacity 2112K, committed 2176K, reserved 1048576K
GC Heap History (10 events):
Event: 6.662 GC heap before
{Heap before GC invocations=6 (full 0):
 PSYoungGen      total 38400K, used 38397K [0x0000000795580000, 0x000000079b780000, 0x00000007c0000000)
  eden space 33280K, 100% used [0x0000000795580000,0x0000000797600000,0x0000000797600000)
  from space 5120K, 99% used [0x0000000797600000,0x0000000797aff440,0x0000000797b00000)
  to   space 16896K, 0% used [0x000000079a700000,0x000000079a700000,0x000000079b780000)
 ParOldGen       total 87552K, used 25954K [0x0000000740000000, 0x0000000745580000, 0x0000000795580000)
  object space 87552K, 29% used [0x0000000740000000,0x0000000741958810,0x0000000745580000)
 Metaspace       used 20863K, capacity 21087K, committed 21296K, reserved 1069056K
  class space    used 2040K, capacity 2112K, committed 2176K, reserved 1048576K
Event: 6.672 GC heap after
Heap after GC invocations=6 (full 0):
 PSYoungGen      total 43520K, used 10653K [0x0000000795580000, 0x000000079b180000, 0x00000007c0000000)
  eden space 32768K, 0% used [0x0000000795580000,0x0000000795580000,0x0000000797580000)
  from space 10752K, 99% used [0x000000079a700000,0x000000079b167590,0x000000079b180000)
  to   space 15872K, 0% used [0x0000000799280000,0x0000000799280000,0x000000079a200000)
 ParOldGen       total 87552K, used 25954K [0x0000000740000000, 0x0000000745580000, 0x0000000795580000)
  object space 87552K, 29% used [0x0000000740000000,0x0000000741958810,0x0000000745580000)
 Metaspace       used 20863K, capacity 21087K, committed 21296K, reserved 1069056K
  class space    used 2040K, capacity 2112K, committed 2176K, reserved 1048576K
}
Event: 6.944 GC heap before
{Heap before GC invocations=7 (full 0):
 PSYoungGen      total 43520K, used 29316K [0x0000000795580000, 0x000000079b180000, 0x00000007c0000000)
  eden space 32768K, 56% used [0x0000000795580000,0x00000007967b9db8,0x0000000797580000)
  from space 10752K, 99% used [0x000000079a700000,0x000000079b167590,0x000000079b180000)
  to   space 15872K, 0% used [0x0000000799280000,0x0000000799280000,0x000000079a200000)
 ParOldGen       total 87552K, used 25954K [0x0000000740000000, 0x0000000745580000, 0x0000000795580000)
  object space 87552K, 29% used [0x0000000740000000,0x0000000741958810,0x0000000745580000)
 Metaspace       used 20890K, capacity 21087K, committed 21296K, reserved 1069056K
  class space    used 2040K, capacity 2112K, committed 2176K, reserved 1048576K
Event: 6.954 GC heap after
Heap after GC invocations=7 (full 0):
 PSYoungGen      total 78336K, used 10816K [0x0000000795580000, 0x000000079b380000, 0x00000007c0000000)
  eden space 62464K, 0% used [0x0000000795580000,0x0000000795580000,0x0000000799280000)
  from space 15872K, 68% used [0x0000000799280000,0x0000000799d10290,0x000000079a200000)
  to   space 15360K, 0% used [0x000000079a480000,0x000000079a480000,0x000000079b380000)
 ParOldGen       total 87552K, used 29658K [0x0000000740000000, 0x0000000745580000, 0x0000000795580000)
  object space 87552K, 33% used [0x0000000740000000,0x0000000741cf6bc8,0x0000000745580000)
 Metaspace       used 20890K, capacity 21087K, committed 21296K, reserved 1069056K
  class space    used 2040K, capacity 2112K, committed 2176K, reserved 1048576K
}
Event: 6.954 GC heap before
{Heap before GC invocations=8 (full 1):
 PSYoungGen      total 78336K, used 10816K [0x0000000795580000, 0x000000079b380000, 0x00000007c0000000)
  eden space 62464K, 0% used [0x0000000795580000,0x0000000795580000,0x0000000799280000)
  from space 15872K, 68% used [0x0000000799280000,0x0000000799d10290,0x000000079a200000)
  to   space 15360K, 0% used [0x000000079a480000,0x000000079a480000,0x000000079b380000)
 ParOldGen       total 87552K, used 29658K [0x0000000740000000, 0x0000000745580000, 0x0000000795580000)
  object space 87552K, 33% used [0x0000000740000000,0x0000000741cf6bc8,0x0000000745580000)
 Metaspace       used 20890K, capacity 21087K, committed 21296K, reserved 1069056K
  class space    used 2040K, capacity 2112K, committed 2176K, reserved 1048576K
Event: 6.997 GC heap after
Heap after GC invocations=8 (full 1):
 PSYoungGen      total 78336K, used 0K [0x0000000795580000, 0x000000079b380000, 0x00000007c0000000)
  eden space 62464K, 0% used [0x0000000795580000,0x0000000795580000,0x0000000799280000)
  from space 15872K, 0% used [0x0000000799280000,0x0000000799280000,0x000000079a200000)
  to   space 15360K, 0% used [0x000000079a480000,0x000000079a480000,0x000000079b380000)
 ParOldGen       total 90112K, used 37229K [0x0000000740000000, 0x0000000745800000, 0x0000000795580000)
  object space 90112K, 41% used [0x0000000740000000,0x000000074245b5f8,0x0000000745800000)
 Metaspace       used 20890K, capacity 21087K, committed 21296K, reserved 1069056K
  class space    used 2040K, capacity 2112K, committed 2176K, reserved 1048576K
}
Event: 12.198 GC heap before
{Heap before GC invocations=9 (full 1):
 PSYoungGen      total 78336K, used 62464K [0x0000000795580000, 0x000000079b380000, 0x00000007c0000000)
  eden space 62464K, 100% used [0x0000000795580000,0x0000000799280000,0x0000000799280000)
  from space 15872K, 0% used [0x0000000799280000,0x0000000799280000,0x000000079a200000)
  to   space 15360K, 0% used [0x000000079a480000,0x000000079a480000,0x000000079b380000)
 ParOldGen       total 90112K, used 37229K [0x0000000740000000, 0x0000000745800000, 0x0000000795580000)
  object space 90112K, 41% used [0x0000000740000000,0x000000074245b5f8,0x0000000745800000)
 Metaspace       used 21283K, capacity 21471K, committed 21808K, reserved 1069056K
  class space    used 2041K, capacity 2112K, committed 2176K, reserved 1048576K
Event: 12.202 GC heap after
Heap after GC invocations=9 (full 1):
 PSYoungGen      total 79872K, used 3920K [0x0000000795580000, 0x000000079da80000, 0x00000007c0000000)
  eden space 64512K, 0% used [0x0000000795580000,0x0000000795580000,0x0000000799480000)
  from space 15360K, 25% used [0x000000079a480000,0x000000079a854110,0x000000079b380000)
  to   space 16384K, 0% used [0x0000000799480000,0x0000000799480000,0x000000079a480000)
 ParOldGen       total 90112K, used 37237K [0x0000000740000000, 0x0000000745800000, 0x0000000795580000)
  object space 90112K, 41% used [0x0000000740000000,0x000000074245d5f8,0x0000000745800000)
 Metaspace       used 21283K, capacity 21471K, committed 21808K, reserved 1069056K
  class space    used 2041K, capacity 2112K, committed 2176K, reserved 1048576K
}
Event: 14.710 GC heap before
{Heap before GC invocations=10 (full 1):
 PSYoungGen      total 79872K, used 68432K [0x0000000795580000, 0x000000079da80000, 0x00000007c0000000)
  eden space 64512K, 100% used [0x0000000795580000,0x0000000799480000,0x0000000799480000)
  from space 15360K, 25% used [0x000000079a480000,0x000000079a854110,0x000000079b380000)
  to   space 16384K, 0% used [0x0000000799480000,0x0000000799480000,0x000000079a480000)
 ParOldGen       total 90112K, used 37237K [0x0000000740000000, 0x0000000745800000, 0x0000000795580000)
  object space 90112K, 41% used [0x0000000740000000,0x000000074245d5f8,0x0000000745800000)
 Metaspace       used 21375K, capacity 21599K, committed 21808K, reserved 1069056K
  class space    used 2041K, capacity 2112K, committed 2176K, reserved 1048576K
Event: 14.714 GC heap after
Heap after GC invocations=10 (full 1):
 PSYoungGen      total 80896K, used 12672K [0x0000000795580000, 0x000000079cc00000, 0x00000007c0000000)
  eden space 64512K, 0% used [0x0000000795580000,0x0000000795580000,0x0000000799480000)
  from space 16384K, 77% used [0x0000000799480000,0x000000079a0e0320,0x000000079a480000)
  to   space 16896K, 0% used [0x000000079bb80000,0x000000079bb80000,0x000000079cc00000)
 ParOldGen       total 90112K, used 37245K [0x0000000740000000, 0x0000000745800000, 0x0000000795580000)
  object space 90112K, 41% used [0x0000000740000000,0x000000074245f5f8,0x0000000745800000)
 Metaspace       used 21375K, capacity 21599K, committed 21808K, reserved 1069056K
  class space    used 2041K, capacity 2112K, committed 2176K, reserved 1048576K
}

