# JRE version: Java(TM) SE Runtime Environment (8.0_60-b27) (build 1.8.0_60-b27)
# Java VM: Java HotSpot(TM) 64-Bit Server VM (25.60-b23 mixed mode bsd-amd64 compressed oops)
Heap:
 PSYoungGen      total 106496K, used 65511K [0x0000000795580000, 0x000000079fa80000, 0x00000007c0000000)
  eden space 95232K, 60% used [0x0000000795580000,0x0000000798d67388,0x000000079b280000)
  from space 11264K, 73% used [0x000000079b280000,0x000000079ba92900,0x000000079bd80000)
  to   space 11264K, 0% used [0x000000079ef80000,0x000000079ef80000,0x000000079fa80000)
 ParOldGen       total 70656K, used 20773K [0x0000000740000000, 0x0000000744500000, 0x0000000795580000)
  object space 70656K, 29% used [0x0000000740000000,0x0000000741449558,0x0000000744500000)
 Metaspace       used 27284K, capacity 27513K, committed 27904K, reserved 1075200K
  class space    used 2139K, capacity 2240K, committed 2304K, reserved 1048576K
GC Heap History (10 events):
Event: 5.012 GC heap before
{Heap before GC invocations=4 (full 1):
 PSYoungGen      total 38400K, used 4976K [0x0000000795580000, 0x000000079a080000, 0x00000007c0000000)
  eden space 33280K, 0% used [0x0000000795580000,0x0000000795580000,0x0000000797600000)
  from space 5120K, 97% used [0x0000000797600000,0x0000000797adc120,0x0000000797b00000)
  to   space 5120K, 0% used [0x0000000799b80000,0x0000000799b80000,0x000000079a080000)
 ParOldGen       total 87552K, used 13699K [0x0000000740000000, 0x0000000745580000, 0x0000000795580000)
  object space 87552K, 15% used [0x0000000740000000,0x0000000740d60c78,0x0000000745580000)
 Metaspace       used 20972K, capacity 21148K, committed 21248K, reserved 1069056K
  class space    used 1971K, capacity 2046K, committed 2048K, reserved 1048576K
Event: 5.065 GC heap after
Heap after GC invocations=4 (full 1):
 PSYoungGen      total 38400K, used 0K [0x0000000795580000, 0x000000079a080000, 0x00000007c0000000)
  eden space 33280K, 0% used [0x0000000795580000,0x0000000795580000,0x0000000797600000)
  from space 5120K, 0% used [0x0000000797600000,0x0000000797600000,0x0000000797b00000)
  to   space 5120K, 0% used [0x0000000799b80000,0x0000000799b80000,0x000000079a080000)
 ParOldGen       total 70656K, used 17534K [0x0000000740000000, 0x0000000744500000, 0x0000000795580000)
  object space 70656K, 24% used [0x0000000740000000,0x000000074111fa18,0x0000000744500000)
 Metaspace       used 20972K, capacity 21148K, committed 21248K, reserved 1069056K
  class space    used 1971K, capacity 2046K, committed 2048K, reserved 1048576K
}
Event: 6.712 GC heap before
{Heap before GC invocations=5 (full 1):
 PSYoungGen      total 38400K, used 33040K [0x0000000795580000, 0x000000079a080000, 0x00000007c0000000)
  eden space 33280K, 99% used [0x0000000795580000,0x00000007975c4210,0x0000000797600000)
  from space 5120K, 0% used [0x0000000797600000,0x0000000797600000,0x0000000797b00000)
  to   space 5120K, 0% used [0x0000000799b80000,0x0000000799b80000,0x000000079a080000)
 ParOldGen       total 70656K, used 17534K [0x0000000740000000, 0x0000000744500000, 0x0000000795580000)
  object space 70656K, 24% used [0x0000000740000000,0x000000074111fa18,0x0000000744500000)
 Metaspace       used 25363K, capacity 25610K, committed 25984K, reserved 1073152K
  class space    used 2030K, capacity 2111K, committed 2176K, reserved 1048576K
Event: 6.716 GC heap after
Heap after GC invocations=5 (full 1):
 PSYoungGen      total 62464K, used 4655K [0x0000000795580000, 0x000000079a080000, 0x00000007c0000000)
  eden space 57344K, 0% used [0x0000000795580000,0x0000000795580000,0x0000000798d80000)
  from space 5120K, 90% used [0x0000000799b80000,0x000000079a00bd08,0x000000079a080000)
  to   space 5120K, 0% used [0x0000000799680000,0x0000000799680000,0x0000000799b80000)
 ParOldGen       total 70656K, used 17542K [0x0000000740000000, 0x0000000744500000, 0x0000000795580000)
  object space 70656K, 24% used [0x0000000740000000,0x0000000741121a18,0x0000000744500000)
 Metaspace       used 25363K, capacity 25610K, committed 25984K, reserved 1073152K
  class space    used 2030K, capacity 2111K, committed 2176K, reserved 1048576K
}
Event: 9.547 GC heap before
{Heap before GC invocations=6 (full 1):
 PSYoungGen      total 62464K, used 61999K [0x0000000795580000, 0x000000079a080000, 0x00000007c0000000)
  eden space 57344K, 100% used [0x0000000795580000,0x0000000798d80000,0x0000000798d80000)
  from space 5120K, 90% used [0x0000000799b80000,0x000000079a00bd08,0x000000079a080000)
  to   space 5120K, 0% used [0x0000000799680000,0x0000000799680000,0x0000000799b80000)
 ParOldGen       total 70656K, used 17542K [0x0000000740000000, 0x0000000744500000, 0x0000000795580000)
  object space 70656K, 24% used [0x0000000740000000,0x0000000741121a18,0x0000000744500000)
 Metaspace       used 26863K, capacity 27097K, committed 27392K, reserved 1075200K
  class space    used 2131K, capacity 2208K, committed 2304K, reserved 1048576K
Event: 9.561 GC heap after
Heap after GC invocations=6 (full 1):
 PSYoungGen      total 71680K, used 5115K [0x0000000795580000, 0x000000079c800000, 0x00000007c0000000)
  eden space 66560K, 0% used [0x0000000795580000,0x0000000795580000,0x0000000799680000)
  from space 5120K, 99% used [0x0000000799680000,0x0000000799b7ee28,0x0000000799b80000)
  to   space 10752K, 0% used [0x000000079bd80000,0x000000079bd80000,0x000000079c800000)
 ParOldGen       total 70656K, used 20765K [0x0000000740000000, 0x0000000744500000, 0x0000000795580000)
  object space 70656K, 29% used [0x0000000740000000,0x0000000741447558,0x0000000744500000)
 Metaspace       used 26863K, capacity 27097K, committed 27392K, reserved 1075200K
  class space    used 2131K, capacity 2208K, committed 2304K, reserved 1048576K
}
Event: 13.725 GC heap before
{Heap before GC invocations=7 (full 1):
 PSYoungGen      total 71680K, used 71675K [0x0000000795580000, 0x000000079c800000, 0x00000007c0000000)
  eden space 66560K, 100% used [0x0000000795580000,0x0000000799680000,0x0000000799680000)
  from space 5120K, 99% used [0x0000000799680000,0x0000000799b7ee28,0x0000000799b80000)
  to   space 10752K, 0% used [0x000000079bd80000,0x000000079bd80000,0x000000079c800000)
 ParOldGen       total 70656K, used 20765K [0x0000000740000000, 0x0000000744500000, 0x0000000795580000)
  object space 70656K, 29% used [0x0000000740000000,0x0000000741447558,0x0000000744500000)
 Metaspace       used 27176K, capacity 27417K, committed 27648K, reserved 1075200K
  class space    used 2131K, capacity 2208K, committed 2304K, reserved 1048576K
Event: 13.731 GC heap after
Heap after GC invocations=7 (full 1):
 PSYoungGen      total 105984K, used 8266K [0x0000000795580000, 0x000000079d400000, 0x00000007c0000000)
  eden space 95232K, 0% used [0x0000000795580000,0x0000000795580000,0x000000079b280000)
  from space 10752K, 76% used [0x000000079bd80000,0x000000079c592900,0x000000079c800000)
  to   space 11264K, 0% used [0x000000079b280000,0x000000079b280000,0x000000079bd80000)
 ParOldGen       total 70656K, used 20773K [0x0000000740000000, 0x0000000744500000, 0x0000000795580000)
  object space 70656K, 29% used [0x0000000740000000,0x0000000741449558,0x0000000744500000)
 Metaspace       used 27176K, capacity 27417K, committed 27648K, reserved 1075200K
  class space    used 2131K, capacity 2208K, committed 2304K, reserved 1048576K
}
Event: 22.311 GC heap before
{Heap before GC invocations=8 (full 1):
 PSYoungGen      total 105984K, used 103498K [0x0000000795580000, 0x000000079d400000, 0x00000007c0000000)
  eden space 95232K, 100% used [0x0000000795580000,0x000000079b280000,0x000000079b280000)
  from space 10752K, 76% used [0x000000079bd80000,0x000000079c592900,0x000000079c800000)
  to   space 11264K, 0% used [0x000000079b280000,0x000000079b280000,0x000000079bd80000)
 ParOldGen       total 70656K, used 20773K [0x0000000740000000, 0x0000000744500000, 0x0000000795580000)
  object space 70656K, 29% used [0x0000000740000000,0x0000000741449558,0x0000000744500000)
 Metaspace       used 27237K, capacity 27481K, committed 27904K, reserved 1075200K
  class space    used 2131K, capacity 2208K, committed 2304K, reserved 1048576K
Event: 22.317 GC heap after
Heap after GC invocations=8 (full 1):
 PSYoungGen      total 106496K, used 8266K [0x0000000795580000, 0x000000079fa80000, 0x00000007c0000000)
  eden space 95232K, 0% used [0x0000000795580000,0x0000000795580000,0x000000079b280000)
  from space 11264K, 73% used [0x000000079b280000,0x000000079ba92900,0x000000079bd80000)
  to   space 11264K, 0% used [0x000000079ef80000,0x000000079ef80000,0x000000079fa80000)
 ParOldGen       total 70656K, used 20773K [0x0000000740000000, 0x0000000744500000, 0x0000000795580000)
  object space 70656K, 29% used [0x0000000740000000,0x0000000741449558,0x0000000744500000)
 Metaspace       used 27237K, capacity 27481K, committed 27904K, reserved 1075200K
  class space    used 2131K, capacity 2208K, committed 2304K, reserved 1048576K
}

