# JRE version: Java(TM) SE Runtime Environment (8.0_60-b27) (build 1.8.0_60-b27)
# Java VM: Java HotSpot(TM) 64-Bit Server VM (25.60-b23 mixed mode bsd-amd64 compressed oops)
Heap:
 PSYoungGen      total 74240K, used 6538K [0x0000000795580000, 0x000000079b180000, 0x00000007c0000000)
  eden space 73728K, 8% used [0x0000000795580000,0x0000000795bc2a68,0x0000000799d80000)
  from space 512K, 25% used [0x0000000799f80000,0x0000000799fa0000,0x000000079a000000)
  to   space 10240K, 0% used [0x000000079a780000,0x000000079a780000,0x000000079b180000)
 ParOldGen       total 84992K, used 32511K [0x0000000740000000, 0x0000000745300000, 0x0000000795580000)
  object space 84992K, 38% used [0x0000000740000000,0x0000000741fbfc78,0x0000000745300000)
 Metaspace       used 21409K, capacity 21623K, committed 21808K, reserved 1069056K
  class space    used 2070K, capacity 2144K, committed 2176K, reserved 1048576K
GC Heap History (10 events):
Event: 143.420 GC heap before
{Heap before GC invocations=22 (full 1):
 PSYoungGen      total 95744K, used 86144K [0x0000000795580000, 0x000000079c380000, 0x00000007c0000000)
  eden space 86016K, 100% used [0x0000000795580000,0x000000079a980000,0x000000079a980000)
  from space 9728K, 1% used [0x000000079ba00000,0x000000079ba20000,0x000000079c380000)
  to   space 13312K, 0% used [0x000000079a980000,0x000000079a980000,0x000000079b680000)
 ParOldGen       total 84992K, used 32503K [0x0000000740000000, 0x0000000745300000, 0x0000000795580000)
  object space 84992K, 38% used [0x0000000740000000,0x0000000741fbdc78,0x0000000745300000)
 Metaspace       used 21291K, capacity 21495K, committed 21808K, reserved 1069056K
  class space    used 2062K, capacity 2144K, committed 2176K, reserved 1048576K
Event: 143.421 GC heap after
Heap after GC invocations=22 (full 1):
 PSYoungGen      total 83968K, used 96K [0x0000000795580000, 0x000000079c000000, 0x00000007c0000000)
  eden space 83456K, 0% used [0x0000000795580000,0x0000000795580000,0x000000079a700000)
  from space 512K, 18% used [0x000000079a980000,0x000000079a998000,0x000000079aa00000)
  to   space 12800K, 0% used [0x000000079b380000,0x000000079b380000,0x000000079c000000)
 ParOldGen       total 84992K, used 32503K [0x0000000740000000, 0x0000000745300000, 0x0000000795580000)
  object space 84992K, 38% used [0x0000000740000000,0x0000000741fbdc78,0x0000000745300000)
 Metaspace       used 21291K, capacity 21495K, committed 21808K, reserved 1069056K
  class space    used 2062K, capacity 2144K, committed 2176K, reserved 1048576K
}
Event: 152.338 GC heap before
{Heap before GC invocations=23 (full 1):
 PSYoungGen      total 83968K, used 83552K [0x0000000795580000, 0x000000079c000000, 0x00000007c0000000)
  eden space 83456K, 100% used [0x0000000795580000,0x000000079a700000,0x000000079a700000)
  from space 512K, 18% used [0x000000079a980000,0x000000079a998000,0x000000079aa00000)
  to   space 12800K, 0% used [0x000000079b380000,0x000000079b380000,0x000000079c000000)
 ParOldGen       total 84992K, used 32503K [0x0000000740000000, 0x0000000745300000, 0x0000000795580000)
  object space 84992K, 38% used [0x0000000740000000,0x0000000741fbdc78,0x0000000745300000)
 Metaspace       used 21291K, capacity 21495K, committed 21808K, reserved 1069056K
  class space    used 2062K, capacity 2144K, committed 2176K, reserved 1048576K
Event: 152.340 GC heap after
Heap after GC invocations=23 (full 1):
 PSYoungGen      total 90112K, used 160K [0x0000000795580000, 0x000000079bc80000, 0x00000007c0000000)
  eden space 80896K, 0% used [0x0000000795580000,0x0000000795580000,0x000000079a480000)
  from space 9216K, 1% used [0x000000079b380000,0x000000079b3a8000,0x000000079bc80000)
  to   space 12288K, 0% used [0x000000079a480000,0x000000079a480000,0x000000079b080000)
 ParOldGen       total 84992K, used 32503K [0x0000000740000000, 0x0000000745300000, 0x0000000795580000)
  object space 84992K, 38% used [0x0000000740000000,0x0000000741fbdc78,0x0000000745300000)
 Metaspace       used 21291K, capacity 21495K, committed 21808K, reserved 1069056K
  class space    used 2062K, capacity 2144K, committed 2176K, reserved 1048576K
}
Event: 160.988 GC heap before
{Heap before GC invocations=24 (full 1):
 PSYoungGen      total 90112K, used 81056K [0x0000000795580000, 0x000000079bc80000, 0x00000007c0000000)
  eden space 80896K, 100% used [0x0000000795580000,0x000000079a480000,0x000000079a480000)
  from space 9216K, 1% used [0x000000079b380000,0x000000079b3a8000,0x000000079bc80000)
  to   space 12288K, 0% used [0x000000079a480000,0x000000079a480000,0x000000079b080000)
 ParOldGen       total 84992K, used 32503K [0x0000000740000000, 0x0000000745300000, 0x0000000795580000)
  object space 84992K, 38% used [0x0000000740000000,0x0000000741fbdc78,0x0000000745300000)
 Metaspace       used 21291K, capacity 21495K, committed 21808K, reserved 1069056K
  class space    used 2062K, capacity 2144K, committed 2176K, reserved 1048576K
Event: 160.989 GC heap after
Heap after GC invocations=24 (full 1):
 PSYoungGen      total 78848K, used 160K [0x0000000795580000, 0x000000079b800000, 0x00000007c0000000)
  eden space 78336K, 0% used [0x0000000795580000,0x0000000795580000,0x000000079a200000)
  from space 512K, 31% used [0x000000079a480000,0x000000079a4a8000,0x000000079a500000)
  to   space 11264K, 0% used [0x000000079ad00000,0x000000079ad00000,0x000000079b800000)
 ParOldGen       total 84992K, used 32503K [0x0000000740000000, 0x0000000745300000, 0x0000000795580000)
  object space 84992K, 38% used [0x0000000740000000,0x0000000741fbdc78,0x0000000745300000)
 Metaspace       used 21291K, capacity 21495K, committed 21808K, reserved 1069056K
  class space    used 2062K, capacity 2144K, committed 2176K, reserved 1048576K
}
Event: 169.373 GC heap before
{Heap before GC invocations=25 (full 1):
 PSYoungGen      total 78848K, used 78496K [0x0000000795580000, 0x000000079b800000, 0x00000007c0000000)
  eden space 78336K, 100% used [0x0000000795580000,0x000000079a200000,0x000000079a200000)
  from space 512K, 31% used [0x000000079a480000,0x000000079a4a8000,0x000000079a500000)
  to   space 11264K, 0% used [0x000000079ad00000,0x000000079ad00000,0x000000079b800000)
 ParOldGen       total 84992K, used 32503K [0x0000000740000000, 0x0000000745300000, 0x0000000795580000)
  object space 84992K, 38% used [0x0000000740000000,0x0000000741fbdc78,0x0000000745300000)
 Metaspace       used 21291K, capacity 21495K, committed 21808K, reserved 1069056K
  class space    used 2062K, capacity 2144K, committed 2176K, reserved 1048576K
Event: 169.375 GC heap after
Heap after GC invocations=25 (full 1):
 PSYoungGen      total 83456K, used 160K [0x0000000795580000, 0x000000079b480000, 0x00000007c0000000)
  eden space 75776K, 0% used [0x0000000795580000,0x0000000795580000,0x0000000799f80000)
  from space 7680K, 2% used [0x000000079ad00000,0x000000079ad28000,0x000000079b480000)
  to   space 10752K, 0% used [0x0000000799f80000,0x0000000799f80000,0x000000079aa00000)
 ParOldGen       total 84992K, used 32503K [0x0000000740000000, 0x0000000745300000, 0x0000000795580000)
  object space 84992K, 38% used [0x0000000740000000,0x0000000741fbdc78,0x0000000745300000)
 Metaspace       used 21291K, capacity 21495K, committed 21808K, reserved 1069056K
  class space    used 2062K, capacity 2144K, committed 2176K, reserved 1048576K
}
Event: 177.251 GC heap before
{Heap before GC invocations=26 (full 1):
 PSYoungGen      total 83456K, used 75936K [0x0000000795580000, 0x000000079b480000, 0x00000007c0000000)
  eden space 75776K, 100% used [0x0000000795580000,0x0000000799f80000,0x0000000799f80000)
  from space 7680K, 2% used [0x000000079ad00000,0x000000079ad28000,0x000000079b480000)
  to   space 10752K, 0% used [0x0000000799f80000,0x0000000799f80000,0x000000079aa00000)
 ParOldGen       total 84992K, used 32503K [0x0000000740000000, 0x0000000745300000, 0x0000000795580000)
  object space 84992K, 38% used [0x0000000740000000,0x0000000741fbdc78,0x0000000745300000)
 Metaspace       used 21374K, capacity 21559K, committed 21808K, reserved 1069056K
  class space    used 2062K, capacity 2144K, committed 2176K, reserved 1048576K
Event: 177.252 GC heap after
Heap after GC invocations=26 (full 1):
 PSYoungGen      total 74240K, used 128K [0x0000000795580000, 0x000000079b180000, 0x00000007c0000000)
  eden space 73728K, 0% used [0x0000000795580000,0x0000000795580000,0x0000000799d80000)
  from space 512K, 25% used [0x0000000799f80000,0x0000000799fa0000,0x000000079a000000)
  to   space 10240K, 0% used [0x000000079a780000,0x000000079a780000,0x000000079b180000)
 ParOldGen       total 84992K, used 32511K [0x0000000740000000, 0x0000000745300000, 0x0000000795580000)
  object space 84992K, 38% used [0x0000000740000000,0x0000000741fbfc78,0x0000000745300000)
 Metaspace       used 21374K, capacity 21559K, committed 21808K, reserved 1069056K
  class space    used 2062K, capacity 2144K, committed 2176K, reserved 1048576K
}

